[  0%] Built target geometry_msgs_generate_messages_eus
[  0%] Built target _rtabmap_msgs_generate_messages_check_deps_DetectMoreLoopClosures
[  0%] Built target _rtabmap_msgs_generate_messages_check_deps_GlobalBundleAdjustment
[  0%] Built target _rtabmap_msgs_generate_messages_check_deps_LoadDatabase
[  0%] Built target _rtabmap_msgs_generate_messages_check_deps_GetPlan
[  0%] Built target _rtabmap_msgs_generate_messages_check_deps_KeyPoint
[  0%] Built target std_msgs_generate_messages_eus
[  0%] Built target _rtabmap_msgs_generate_messages_check_deps_UserData
[  0%] Built target _rtabmap_msgs_generate_messages_check_deps_ListLabels
[  0%] Built target sensor_msgs_generate_messages_eus
[  0%] Built target _rtabmap_msgs_generate_messages_check_deps_GetNodeData
[  0%] Built target _rtabmap_msgs_generate_messages_check_deps_GetNodesInRadius
[  0%] Built target _rtabmap_msgs_generate_messages_check_deps_LandmarkDetection
[  0%] Built target _rtabmap_msgs_generate_messages_check_deps_Link
[  0%] Built target _rtabmap_msgs_generate_messages_check_deps_RGBDImage
[  0%] Built target _rtabmap_msgs_generate_messages_check_deps_GlobalDescriptor
[  0%] Built target _rtabmap_msgs_generate_messages_check_deps_Path
[  0%] Built target _rtabmap_msgs_generate_messages_check_deps_Info
[  0%] Built target _rtabmap_msgs_generate_messages_check_deps_Goal
[  0%] Built target _rtabmap_msgs_generate_messages_check_deps_Point3f
[  0%] Built target _rtabmap_msgs_generate_messages_check_deps_ScanDescriptor
[  0%] Built target _rtabmap_msgs_generate_messages_check_deps_Node
[  0%] Built target _rtabmap_msgs_generate_messages_check_deps_CleanupLocalGrids
[  0%] Built target _rtabmap_msgs_generate_messages_check_deps_OdomInfo
[  0%] Built target _rtabmap_msgs_generate_messages_check_deps_AddLink
[  0%] Built target _rtabmap_msgs_generate_messages_check_deps_MapData
[  0%] Built target _rtabmap_msgs_generate_messages_check_deps_SensorData
[  0%] Built target _rtabmap_msgs_generate_messages_check_deps_LandmarkDetections
[  0%] Built target _rtabmap_msgs_generate_messages_check_deps_SetGoal
[  0%] Built target _rtabmap_msgs_generate_messages_check_deps_MapGraph
[  0%] Built target _rtabmap_msgs_generate_messages_check_deps_RGBDImages
[  0%] Built target _rtabmap_msgs_generate_messages_check_deps_CameraModel
[  0%] Built target std_msgs_generate_messages_cpp
[  0%] Built target _rtabmap_msgs_generate_messages_check_deps_GPS
[  0%] Built target _rtabmap_msgs_generate_messages_check_deps_EnvSensor
[  0%] Built target _rtabmap_msgs_generate_messages_check_deps_CameraModels
[  0%] Built target geometry_msgs_generate_messages_cpp
[  0%] Built target _rtabmap_msgs_generate_messages_check_deps_PublishMap
[  0%] Built target geometry_msgs_generate_messages_py
[  0%] Built target sensor_msgs_generate_messages_cpp
[  0%] Built target sensor_msgs_generate_messages_py
[  0%] Built target _rtabmap_msgs_generate_messages_check_deps_GetMap2
[  0%] Built target _rtabmap_msgs_generate_messages_check_deps_Point2f
[  0%] Built target _rtabmap_msgs_generate_messages_check_deps_RemoveLabel
[  0%] Built target std_msgs_generate_messages_py
[  0%] Built target _rtabmap_msgs_generate_messages_check_deps_SetLabel
[  0%] Built target _rtabmap_msgs_generate_messages_check_deps_ResetPose
[  0%] Built target std_msgs_generate_messages_nodejs
[  0%] Built target geometry_msgs_generate_messages_nodejs
[  0%] Built target sensor_msgs_generate_messages_nodejs
[  0%] Built target sensor_msgs_generate_messages_lisp
[  0%] Built target _rtabmap_msgs_generate_messages_check_deps_GetMap
[  0%] Built target std_msgs_generate_messages_lisp
[  0%] Built target geometry_msgs_generate_messages_lisp
[ 19%] Built target rtabmap_msgs_generate_messages_cpp
[ 40%] Built target rtabmap_msgs_generate_messages_eus
[ 59%] Built target rtabmap_msgs_generate_messages_lisp
[ 79%] Built target rtabmap_msgs_generate_messages_nodejs
[100%] Built target rtabmap_msgs_generate_messages_py
[100%] Built target rtabmap_msgs_generate_messages
