Linked: (/home/ali/catkin_ws/devel/.private/rtabmap_msgs/share/gennodejs/ros/rtabmap_msgs/_index.js, /home/ali/catkin_ws/devel/share/gennodejs/ros/rtabmap_msgs/_index.js)
Linked: (/home/ali/catkin_ws/devel/.private/rtabmap_msgs/share/gennodejs/ros/rtabmap_msgs/srv/AddLink.js, /home/ali/catkin_ws/devel/share/gennodejs/ros/rtabmap_msgs/srv/AddLink.js)
Linked: (/home/ali/catkin_ws/devel/.private/rtabmap_msgs/share/gennodejs/ros/rtabmap_msgs/srv/GetNodesInRadius.js, /home/ali/catkin_ws/devel/share/gennodejs/ros/rtabmap_msgs/srv/GetNodesInRadius.js)
Linked: (/home/ali/catkin_ws/devel/.private/rtabmap_msgs/share/gennodejs/ros/rtabmap_msgs/srv/GlobalBundleAdjustment.js, /home/ali/catkin_ws/devel/share/gennodejs/ros/rtabmap_msgs/srv/GlobalBundleAdjustment.js)
Linked: (/home/ali/catkin_ws/devel/.private/rtabmap_msgs/share/gennodejs/ros/rtabmap_msgs/srv/GetNodeData.js, /home/ali/catkin_ws/devel/share/gennodejs/ros/rtabmap_msgs/srv/GetNodeData.js)
Linked: (/home/ali/catkin_ws/devel/.private/rtabmap_msgs/share/gennodejs/ros/rtabmap_msgs/srv/GetPlan.js, /home/ali/catkin_ws/devel/share/gennodejs/ros/rtabmap_msgs/srv/GetPlan.js)
Linked: (/home/ali/catkin_ws/devel/.private/rtabmap_msgs/share/gennodejs/ros/rtabmap_msgs/srv/GetMap2.js, /home/ali/catkin_ws/devel/share/gennodejs/ros/rtabmap_msgs/srv/GetMap2.js)
Linked: (/home/ali/catkin_ws/devel/.private/rtabmap_msgs/share/gennodejs/ros/rtabmap_msgs/srv/LoadDatabase.js, /home/ali/catkin_ws/devel/share/gennodejs/ros/rtabmap_msgs/srv/LoadDatabase.js)
Linked: (/home/ali/catkin_ws/devel/.private/rtabmap_msgs/share/gennodejs/ros/rtabmap_msgs/srv/RemoveLabel.js, /home/ali/catkin_ws/devel/share/gennodejs/ros/rtabmap_msgs/srv/RemoveLabel.js)
Linked: (/home/ali/catkin_ws/devel/.private/rtabmap_msgs/share/gennodejs/ros/rtabmap_msgs/srv/SetLabel.js, /home/ali/catkin_ws/devel/share/gennodejs/ros/rtabmap_msgs/srv/SetLabel.js)
Linked: (/home/ali/catkin_ws/devel/.private/rtabmap_msgs/share/gennodejs/ros/rtabmap_msgs/srv/GetMap.js, /home/ali/catkin_ws/devel/share/gennodejs/ros/rtabmap_msgs/srv/GetMap.js)
Linked: (/home/ali/catkin_ws/devel/.private/rtabmap_msgs/share/gennodejs/ros/rtabmap_msgs/srv/ListLabels.js, /home/ali/catkin_ws/devel/share/gennodejs/ros/rtabmap_msgs/srv/ListLabels.js)
Linked: (/home/ali/catkin_ws/devel/.private/rtabmap_msgs/share/gennodejs/ros/rtabmap_msgs/srv/CleanupLocalGrids.js, /home/ali/catkin_ws/devel/share/gennodejs/ros/rtabmap_msgs/srv/CleanupLocalGrids.js)
Linked: (/home/ali/catkin_ws/devel/.private/rtabmap_msgs/share/gennodejs/ros/rtabmap_msgs/srv/_index.js, /home/ali/catkin_ws/devel/share/gennodejs/ros/rtabmap_msgs/srv/_index.js)
Linked: (/home/ali/catkin_ws/devel/.private/rtabmap_msgs/share/gennodejs/ros/rtabmap_msgs/srv/ResetPose.js, /home/ali/catkin_ws/devel/share/gennodejs/ros/rtabmap_msgs/srv/ResetPose.js)
Linked: (/home/ali/catkin_ws/devel/.private/rtabmap_msgs/share/gennodejs/ros/rtabmap_msgs/srv/PublishMap.js, /home/ali/catkin_ws/devel/share/gennodejs/ros/rtabmap_msgs/srv/PublishMap.js)
Linked: (/home/ali/catkin_ws/devel/.private/rtabmap_msgs/share/gennodejs/ros/rtabmap_msgs/srv/DetectMoreLoopClosures.js, /home/ali/catkin_ws/devel/share/gennodejs/ros/rtabmap_msgs/srv/DetectMoreLoopClosures.js)
Linked: (/home/ali/catkin_ws/devel/.private/rtabmap_msgs/share/gennodejs/ros/rtabmap_msgs/srv/SetGoal.js, /home/ali/catkin_ws/devel/share/gennodejs/ros/rtabmap_msgs/srv/SetGoal.js)
Linked: (/home/ali/catkin_ws/devel/.private/rtabmap_msgs/share/gennodejs/ros/rtabmap_msgs/msg/Node.js, /home/ali/catkin_ws/devel/share/gennodejs/ros/rtabmap_msgs/msg/Node.js)
Linked: (/home/ali/catkin_ws/devel/.private/rtabmap_msgs/share/gennodejs/ros/rtabmap_msgs/msg/RGBDImage.js, /home/ali/catkin_ws/devel/share/gennodejs/ros/rtabmap_msgs/msg/RGBDImage.js)
Linked: (/home/ali/catkin_ws/devel/.private/rtabmap_msgs/share/gennodejs/ros/rtabmap_msgs/msg/EnvSensor.js, /home/ali/catkin_ws/devel/share/gennodejs/ros/rtabmap_msgs/msg/EnvSensor.js)
Linked: (/home/ali/catkin_ws/devel/.private/rtabmap_msgs/share/gennodejs/ros/rtabmap_msgs/msg/MapData.js, /home/ali/catkin_ws/devel/share/gennodejs/ros/rtabmap_msgs/msg/MapData.js)
Linked: (/home/ali/catkin_ws/devel/.private/rtabmap_msgs/share/gennodejs/ros/rtabmap_msgs/msg/OdomInfo.js, /home/ali/catkin_ws/devel/share/gennodejs/ros/rtabmap_msgs/msg/OdomInfo.js)
Linked: (/home/ali/catkin_ws/devel/.private/rtabmap_msgs/share/gennodejs/ros/rtabmap_msgs/msg/LandmarkDetection.js, /home/ali/catkin_ws/devel/share/gennodejs/ros/rtabmap_msgs/msg/LandmarkDetection.js)
Linked: (/home/ali/catkin_ws/devel/.private/rtabmap_msgs/share/gennodejs/ros/rtabmap_msgs/msg/GPS.js, /home/ali/catkin_ws/devel/share/gennodejs/ros/rtabmap_msgs/msg/GPS.js)
Linked: (/home/ali/catkin_ws/devel/.private/rtabmap_msgs/share/gennodejs/ros/rtabmap_msgs/msg/UserData.js, /home/ali/catkin_ws/devel/share/gennodejs/ros/rtabmap_msgs/msg/UserData.js)
Linked: (/home/ali/catkin_ws/devel/.private/rtabmap_msgs/share/gennodejs/ros/rtabmap_msgs/msg/Point2f.js, /home/ali/catkin_ws/devel/share/gennodejs/ros/rtabmap_msgs/msg/Point2f.js)
Linked: (/home/ali/catkin_ws/devel/.private/rtabmap_msgs/share/gennodejs/ros/rtabmap_msgs/msg/KeyPoint.js, /home/ali/catkin_ws/devel/share/gennodejs/ros/rtabmap_msgs/msg/KeyPoint.js)
Linked: (/home/ali/catkin_ws/devel/.private/rtabmap_msgs/share/gennodejs/ros/rtabmap_msgs/msg/GlobalDescriptor.js, /home/ali/catkin_ws/devel/share/gennodejs/ros/rtabmap_msgs/msg/GlobalDescriptor.js)
Linked: (/home/ali/catkin_ws/devel/.private/rtabmap_msgs/share/gennodejs/ros/rtabmap_msgs/msg/Point3f.js, /home/ali/catkin_ws/devel/share/gennodejs/ros/rtabmap_msgs/msg/Point3f.js)
Linked: (/home/ali/catkin_ws/devel/.private/rtabmap_msgs/share/gennodejs/ros/rtabmap_msgs/msg/Link.js, /home/ali/catkin_ws/devel/share/gennodejs/ros/rtabmap_msgs/msg/Link.js)
Linked: (/home/ali/catkin_ws/devel/.private/rtabmap_msgs/share/gennodejs/ros/rtabmap_msgs/msg/_index.js, /home/ali/catkin_ws/devel/share/gennodejs/ros/rtabmap_msgs/msg/_index.js)
Linked: (/home/ali/catkin_ws/devel/.private/rtabmap_msgs/share/gennodejs/ros/rtabmap_msgs/msg/CameraModels.js, /home/ali/catkin_ws/devel/share/gennodejs/ros/rtabmap_msgs/msg/CameraModels.js)
Linked: (/home/ali/catkin_ws/devel/.private/rtabmap_msgs/share/gennodejs/ros/rtabmap_msgs/msg/Info.js, /home/ali/catkin_ws/devel/share/gennodejs/ros/rtabmap_msgs/msg/Info.js)
Linked: (/home/ali/catkin_ws/devel/.private/rtabmap_msgs/share/gennodejs/ros/rtabmap_msgs/msg/ScanDescriptor.js, /home/ali/catkin_ws/devel/share/gennodejs/ros/rtabmap_msgs/msg/ScanDescriptor.js)
Linked: (/home/ali/catkin_ws/devel/.private/rtabmap_msgs/share/gennodejs/ros/rtabmap_msgs/msg/Path.js, /home/ali/catkin_ws/devel/share/gennodejs/ros/rtabmap_msgs/msg/Path.js)
Linked: (/home/ali/catkin_ws/devel/.private/rtabmap_msgs/share/gennodejs/ros/rtabmap_msgs/msg/RGBDImages.js, /home/ali/catkin_ws/devel/share/gennodejs/ros/rtabmap_msgs/msg/RGBDImages.js)
Linked: (/home/ali/catkin_ws/devel/.private/rtabmap_msgs/share/gennodejs/ros/rtabmap_msgs/msg/CameraModel.js, /home/ali/catkin_ws/devel/share/gennodejs/ros/rtabmap_msgs/msg/CameraModel.js)
Linked: (/home/ali/catkin_ws/devel/.private/rtabmap_msgs/share/gennodejs/ros/rtabmap_msgs/msg/Goal.js, /home/ali/catkin_ws/devel/share/gennodejs/ros/rtabmap_msgs/msg/Goal.js)
Linked: (/home/ali/catkin_ws/devel/.private/rtabmap_msgs/share/gennodejs/ros/rtabmap_msgs/msg/SensorData.js, /home/ali/catkin_ws/devel/share/gennodejs/ros/rtabmap_msgs/msg/SensorData.js)
Linked: (/home/ali/catkin_ws/devel/.private/rtabmap_msgs/share/gennodejs/ros/rtabmap_msgs/msg/MapGraph.js, /home/ali/catkin_ws/devel/share/gennodejs/ros/rtabmap_msgs/msg/MapGraph.js)
Linked: (/home/ali/catkin_ws/devel/.private/rtabmap_msgs/share/gennodejs/ros/rtabmap_msgs/msg/LandmarkDetections.js, /home/ali/catkin_ws/devel/share/gennodejs/ros/rtabmap_msgs/msg/LandmarkDetections.js)
Linked: (/home/ali/catkin_ws/devel/.private/rtabmap_msgs/share/common-lisp/ros/rtabmap_msgs/srv/SetLabel.lisp, /home/ali/catkin_ws/devel/share/common-lisp/ros/rtabmap_msgs/srv/SetLabel.lisp)
Linked: (/home/ali/catkin_ws/devel/.private/rtabmap_msgs/share/common-lisp/ros/rtabmap_msgs/srv/ResetPose.lisp, /home/ali/catkin_ws/devel/share/common-lisp/ros/rtabmap_msgs/srv/ResetPose.lisp)
Linked: (/home/ali/catkin_ws/devel/.private/rtabmap_msgs/share/common-lisp/ros/rtabmap_msgs/srv/_package.lisp, /home/ali/catkin_ws/devel/share/common-lisp/ros/rtabmap_msgs/srv/_package.lisp)
Linked: (/home/ali/catkin_ws/devel/.private/rtabmap_msgs/share/common-lisp/ros/rtabmap_msgs/srv/_package_DetectMoreLoopClosures.lisp, /home/ali/catkin_ws/devel/share/common-lisp/ros/rtabmap_msgs/srv/_package_DetectMoreLoopClosures.lisp)
Linked: (/home/ali/catkin_ws/devel/.private/rtabmap_msgs/share/common-lisp/ros/rtabmap_msgs/srv/GetMap.lisp, /home/ali/catkin_ws/devel/share/common-lisp/ros/rtabmap_msgs/srv/GetMap.lisp)
Linked: (/home/ali/catkin_ws/devel/.private/rtabmap_msgs/share/common-lisp/ros/rtabmap_msgs/srv/_package_LoadDatabase.lisp, /home/ali/catkin_ws/devel/share/common-lisp/ros/rtabmap_msgs/srv/_package_LoadDatabase.lisp)
Linked: (/home/ali/catkin_ws/devel/.private/rtabmap_msgs/share/common-lisp/ros/rtabmap_msgs/srv/GetMap2.lisp, /home/ali/catkin_ws/devel/share/common-lisp/ros/rtabmap_msgs/srv/GetMap2.lisp)
Linked: (/home/ali/catkin_ws/devel/.private/rtabmap_msgs/share/common-lisp/ros/rtabmap_msgs/srv/_package_GetNodeData.lisp, /home/ali/catkin_ws/devel/share/common-lisp/ros/rtabmap_msgs/srv/_package_GetNodeData.lisp)
Linked: (/home/ali/catkin_ws/devel/.private/rtabmap_msgs/share/common-lisp/ros/rtabmap_msgs/srv/_package_ListLabels.lisp, /home/ali/catkin_ws/devel/share/common-lisp/ros/rtabmap_msgs/srv/_package_ListLabels.lisp)
Linked: (/home/ali/catkin_ws/devel/.private/rtabmap_msgs/share/common-lisp/ros/rtabmap_msgs/srv/GlobalBundleAdjustment.lisp, /home/ali/catkin_ws/devel/share/common-lisp/ros/rtabmap_msgs/srv/GlobalBundleAdjustment.lisp)
Linked: (/home/ali/catkin_ws/devel/.private/rtabmap_msgs/share/common-lisp/ros/rtabmap_msgs/srv/_package_GetPlan.lisp, /home/ali/catkin_ws/devel/share/common-lisp/ros/rtabmap_msgs/srv/_package_GetPlan.lisp)
Linked: (/home/ali/catkin_ws/devel/.private/rtabmap_msgs/share/common-lisp/ros/rtabmap_msgs/srv/CleanupLocalGrids.lisp, /home/ali/catkin_ws/devel/share/common-lisp/ros/rtabmap_msgs/srv/CleanupLocalGrids.lisp)
Linked: (/home/ali/catkin_ws/devel/.private/rtabmap_msgs/share/common-lisp/ros/rtabmap_msgs/srv/GetNodeData.lisp, /home/ali/catkin_ws/devel/share/common-lisp/ros/rtabmap_msgs/srv/GetNodeData.lisp)
Linked: (/home/ali/catkin_ws/devel/.private/rtabmap_msgs/share/common-lisp/ros/rtabmap_msgs/srv/_package_PublishMap.lisp, /home/ali/catkin_ws/devel/share/common-lisp/ros/rtabmap_msgs/srv/_package_PublishMap.lisp)
Linked: (/home/ali/catkin_ws/devel/.private/rtabmap_msgs/share/common-lisp/ros/rtabmap_msgs/srv/_package_GetNodesInRadius.lisp, /home/ali/catkin_ws/devel/share/common-lisp/ros/rtabmap_msgs/srv/_package_GetNodesInRadius.lisp)
Linked: (/home/ali/catkin_ws/devel/.private/rtabmap_msgs/share/common-lisp/ros/rtabmap_msgs/srv/GetPlan.lisp, /home/ali/catkin_ws/devel/share/common-lisp/ros/rtabmap_msgs/srv/GetPlan.lisp)
Linked: (/home/ali/catkin_ws/devel/.private/rtabmap_msgs/share/common-lisp/ros/rtabmap_msgs/srv/_package_RemoveLabel.lisp, /home/ali/catkin_ws/devel/share/common-lisp/ros/rtabmap_msgs/srv/_package_RemoveLabel.lisp)
Linked: (/home/ali/catkin_ws/devel/.private/rtabmap_msgs/share/common-lisp/ros/rtabmap_msgs/srv/ListLabels.lisp, /home/ali/catkin_ws/devel/share/common-lisp/ros/rtabmap_msgs/srv/ListLabels.lisp)
Linked: (/home/ali/catkin_ws/devel/.private/rtabmap_msgs/share/common-lisp/ros/rtabmap_msgs/srv/GetNodesInRadius.lisp, /home/ali/catkin_ws/devel/share/common-lisp/ros/rtabmap_msgs/srv/GetNodesInRadius.lisp)
Linked: (/home/ali/catkin_ws/devel/.private/rtabmap_msgs/share/common-lisp/ros/rtabmap_msgs/srv/_package_GlobalBundleAdjustment.lisp, /home/ali/catkin_ws/devel/share/common-lisp/ros/rtabmap_msgs/srv/_package_GlobalBundleAdjustment.lisp)
Linked: (/home/ali/catkin_ws/devel/.private/rtabmap_msgs/share/common-lisp/ros/rtabmap_msgs/srv/DetectMoreLoopClosures.lisp, /home/ali/catkin_ws/devel/share/common-lisp/ros/rtabmap_msgs/srv/DetectMoreLoopClosures.lisp)
Linked: (/home/ali/catkin_ws/devel/.private/rtabmap_msgs/share/common-lisp/ros/rtabmap_msgs/srv/RemoveLabel.lisp, /home/ali/catkin_ws/devel/share/common-lisp/ros/rtabmap_msgs/srv/RemoveLabel.lisp)
Linked: (/home/ali/catkin_ws/devel/.private/rtabmap_msgs/share/common-lisp/ros/rtabmap_msgs/srv/rtabmap_msgs-srv.asd, /home/ali/catkin_ws/devel/share/common-lisp/ros/rtabmap_msgs/srv/rtabmap_msgs-srv.asd)
Linked: (/home/ali/catkin_ws/devel/.private/rtabmap_msgs/share/common-lisp/ros/rtabmap_msgs/srv/PublishMap.lisp, /home/ali/catkin_ws/devel/share/common-lisp/ros/rtabmap_msgs/srv/PublishMap.lisp)
Linked: (/home/ali/catkin_ws/devel/.private/rtabmap_msgs/share/common-lisp/ros/rtabmap_msgs/srv/_package_ResetPose.lisp, /home/ali/catkin_ws/devel/share/common-lisp/ros/rtabmap_msgs/srv/_package_ResetPose.lisp)
Linked: (/home/ali/catkin_ws/devel/.private/rtabmap_msgs/share/common-lisp/ros/rtabmap_msgs/srv/LoadDatabase.lisp, /home/ali/catkin_ws/devel/share/common-lisp/ros/rtabmap_msgs/srv/LoadDatabase.lisp)
Linked: (/home/ali/catkin_ws/devel/.private/rtabmap_msgs/share/common-lisp/ros/rtabmap_msgs/srv/_package_AddLink.lisp, /home/ali/catkin_ws/devel/share/common-lisp/ros/rtabmap_msgs/srv/_package_AddLink.lisp)
Linked: (/home/ali/catkin_ws/devel/.private/rtabmap_msgs/share/common-lisp/ros/rtabmap_msgs/srv/SetGoal.lisp, /home/ali/catkin_ws/devel/share/common-lisp/ros/rtabmap_msgs/srv/SetGoal.lisp)
Linked: (/home/ali/catkin_ws/devel/.private/rtabmap_msgs/share/common-lisp/ros/rtabmap_msgs/srv/AddLink.lisp, /home/ali/catkin_ws/devel/share/common-lisp/ros/rtabmap_msgs/srv/AddLink.lisp)
Linked: (/home/ali/catkin_ws/devel/.private/rtabmap_msgs/share/common-lisp/ros/rtabmap_msgs/srv/_package_GetMap2.lisp, /home/ali/catkin_ws/devel/share/common-lisp/ros/rtabmap_msgs/srv/_package_GetMap2.lisp)
Linked: (/home/ali/catkin_ws/devel/.private/rtabmap_msgs/share/common-lisp/ros/rtabmap_msgs/srv/_package_SetGoal.lisp, /home/ali/catkin_ws/devel/share/common-lisp/ros/rtabmap_msgs/srv/_package_SetGoal.lisp)
Linked: (/home/ali/catkin_ws/devel/.private/rtabmap_msgs/share/common-lisp/ros/rtabmap_msgs/srv/_package_CleanupLocalGrids.lisp, /home/ali/catkin_ws/devel/share/common-lisp/ros/rtabmap_msgs/srv/_package_CleanupLocalGrids.lisp)
Linked: (/home/ali/catkin_ws/devel/.private/rtabmap_msgs/share/common-lisp/ros/rtabmap_msgs/srv/_package_GetMap.lisp, /home/ali/catkin_ws/devel/share/common-lisp/ros/rtabmap_msgs/srv/_package_GetMap.lisp)
Linked: (/home/ali/catkin_ws/devel/.private/rtabmap_msgs/share/common-lisp/ros/rtabmap_msgs/srv/_package_SetLabel.lisp, /home/ali/catkin_ws/devel/share/common-lisp/ros/rtabmap_msgs/srv/_package_SetLabel.lisp)
Linked: (/home/ali/catkin_ws/devel/.private/rtabmap_msgs/share/common-lisp/ros/rtabmap_msgs/msg/_package_KeyPoint.lisp, /home/ali/catkin_ws/devel/share/common-lisp/ros/rtabmap_msgs/msg/_package_KeyPoint.lisp)
Linked: (/home/ali/catkin_ws/devel/.private/rtabmap_msgs/share/common-lisp/ros/rtabmap_msgs/msg/_package.lisp, /home/ali/catkin_ws/devel/share/common-lisp/ros/rtabmap_msgs/msg/_package.lisp)
Linked: (/home/ali/catkin_ws/devel/.private/rtabmap_msgs/share/common-lisp/ros/rtabmap_msgs/msg/_package_GPS.lisp, /home/ali/catkin_ws/devel/share/common-lisp/ros/rtabmap_msgs/msg/_package_GPS.lisp)
Linked: (/home/ali/catkin_ws/devel/.private/rtabmap_msgs/share/common-lisp/ros/rtabmap_msgs/msg/RGBDImages.lisp, /home/ali/catkin_ws/devel/share/common-lisp/ros/rtabmap_msgs/msg/RGBDImages.lisp)
Linked: (/home/ali/catkin_ws/devel/.private/rtabmap_msgs/share/common-lisp/ros/rtabmap_msgs/msg/_package_OdomInfo.lisp, /home/ali/catkin_ws/devel/share/common-lisp/ros/rtabmap_msgs/msg/_package_OdomInfo.lisp)
Linked: (/home/ali/catkin_ws/devel/.private/rtabmap_msgs/share/common-lisp/ros/rtabmap_msgs/msg/KeyPoint.lisp, /home/ali/catkin_ws/devel/share/common-lisp/ros/rtabmap_msgs/msg/KeyPoint.lisp)
Linked: (/home/ali/catkin_ws/devel/.private/rtabmap_msgs/share/common-lisp/ros/rtabmap_msgs/msg/_package_Path.lisp, /home/ali/catkin_ws/devel/share/common-lisp/ros/rtabmap_msgs/msg/_package_Path.lisp)
Linked: (/home/ali/catkin_ws/devel/.private/rtabmap_msgs/share/common-lisp/ros/rtabmap_msgs/msg/_package_EnvSensor.lisp, /home/ali/catkin_ws/devel/share/common-lisp/ros/rtabmap_msgs/msg/_package_EnvSensor.lisp)
Linked: (/home/ali/catkin_ws/devel/.private/rtabmap_msgs/share/common-lisp/ros/rtabmap_msgs/msg/Path.lisp, /home/ali/catkin_ws/devel/share/common-lisp/ros/rtabmap_msgs/msg/Path.lisp)
Linked: (/home/ali/catkin_ws/devel/.private/rtabmap_msgs/share/common-lisp/ros/rtabmap_msgs/msg/_package_Node.lisp, /home/ali/catkin_ws/devel/share/common-lisp/ros/rtabmap_msgs/msg/_package_Node.lisp)
Linked: (/home/ali/catkin_ws/devel/.private/rtabmap_msgs/share/common-lisp/ros/rtabmap_msgs/msg/OdomInfo.lisp, /home/ali/catkin_ws/devel/share/common-lisp/ros/rtabmap_msgs/msg/OdomInfo.lisp)
Linked: (/home/ali/catkin_ws/devel/.private/rtabmap_msgs/share/common-lisp/ros/rtabmap_msgs/msg/_package_Point2f.lisp, /home/ali/catkin_ws/devel/share/common-lisp/ros/rtabmap_msgs/msg/_package_Point2f.lisp)
Linked: (/home/ali/catkin_ws/devel/.private/rtabmap_msgs/share/common-lisp/ros/rtabmap_msgs/msg/_package_CameraModel.lisp, /home/ali/catkin_ws/devel/share/common-lisp/ros/rtabmap_msgs/msg/_package_CameraModel.lisp)
Linked: (/home/ali/catkin_ws/devel/.private/rtabmap_msgs/share/common-lisp/ros/rtabmap_msgs/msg/Point2f.lisp, /home/ali/catkin_ws/devel/share/common-lisp/ros/rtabmap_msgs/msg/Point2f.lisp)
Linked: (/home/ali/catkin_ws/devel/.private/rtabmap_msgs/share/common-lisp/ros/rtabmap_msgs/msg/_package_ScanDescriptor.lisp, /home/ali/catkin_ws/devel/share/common-lisp/ros/rtabmap_msgs/msg/_package_ScanDescriptor.lisp)
Linked: (/home/ali/catkin_ws/devel/.private/rtabmap_msgs/share/common-lisp/ros/rtabmap_msgs/msg/EnvSensor.lisp, /home/ali/catkin_ws/devel/share/common-lisp/ros/rtabmap_msgs/msg/EnvSensor.lisp)
Linked: (/home/ali/catkin_ws/devel/.private/rtabmap_msgs/share/common-lisp/ros/rtabmap_msgs/msg/Goal.lisp, /home/ali/catkin_ws/devel/share/common-lisp/ros/rtabmap_msgs/msg/Goal.lisp)
Linked: (/home/ali/catkin_ws/devel/.private/rtabmap_msgs/share/common-lisp/ros/rtabmap_msgs/msg/_package_SensorData.lisp, /home/ali/catkin_ws/devel/share/common-lisp/ros/rtabmap_msgs/msg/_package_SensorData.lisp)
Linked: (/home/ali/catkin_ws/devel/.private/rtabmap_msgs/share/common-lisp/ros/rtabmap_msgs/msg/_package_Point3f.lisp, /home/ali/catkin_ws/devel/share/common-lisp/ros/rtabmap_msgs/msg/_package_Point3f.lisp)
Linked: (/home/ali/catkin_ws/devel/.private/rtabmap_msgs/share/common-lisp/ros/rtabmap_msgs/msg/_package_Info.lisp, /home/ali/catkin_ws/devel/share/common-lisp/ros/rtabmap_msgs/msg/_package_Info.lisp)
Linked: (/home/ali/catkin_ws/devel/.private/rtabmap_msgs/share/common-lisp/ros/rtabmap_msgs/msg/Info.lisp, /home/ali/catkin_ws/devel/share/common-lisp/ros/rtabmap_msgs/msg/Info.lisp)
Linked: (/home/ali/catkin_ws/devel/.private/rtabmap_msgs/share/common-lisp/ros/rtabmap_msgs/msg/RGBDImage.lisp, /home/ali/catkin_ws/devel/share/common-lisp/ros/rtabmap_msgs/msg/RGBDImage.lisp)
Linked: (/home/ali/catkin_ws/devel/.private/rtabmap_msgs/share/common-lisp/ros/rtabmap_msgs/msg/MapData.lisp, /home/ali/catkin_ws/devel/share/common-lisp/ros/rtabmap_msgs/msg/MapData.lisp)
Linked: (/home/ali/catkin_ws/devel/.private/rtabmap_msgs/share/common-lisp/ros/rtabmap_msgs/msg/CameraModels.lisp, /home/ali/catkin_ws/devel/share/common-lisp/ros/rtabmap_msgs/msg/CameraModels.lisp)
Linked: (/home/ali/catkin_ws/devel/.private/rtabmap_msgs/share/common-lisp/ros/rtabmap_msgs/msg/MapGraph.lisp, /home/ali/catkin_ws/devel/share/common-lisp/ros/rtabmap_msgs/msg/MapGraph.lisp)
Linked: (/home/ali/catkin_ws/devel/.private/rtabmap_msgs/share/common-lisp/ros/rtabmap_msgs/msg/_package_MapGraph.lisp, /home/ali/catkin_ws/devel/share/common-lisp/ros/rtabmap_msgs/msg/_package_MapGraph.lisp)
Linked: (/home/ali/catkin_ws/devel/.private/rtabmap_msgs/share/common-lisp/ros/rtabmap_msgs/msg/_package_LandmarkDetections.lisp, /home/ali/catkin_ws/devel/share/common-lisp/ros/rtabmap_msgs/msg/_package_LandmarkDetections.lisp)
Linked: (/home/ali/catkin_ws/devel/.private/rtabmap_msgs/share/common-lisp/ros/rtabmap_msgs/msg/CameraModel.lisp, /home/ali/catkin_ws/devel/share/common-lisp/ros/rtabmap_msgs/msg/CameraModel.lisp)
Linked: (/home/ali/catkin_ws/devel/.private/rtabmap_msgs/share/common-lisp/ros/rtabmap_msgs/msg/_package_UserData.lisp, /home/ali/catkin_ws/devel/share/common-lisp/ros/rtabmap_msgs/msg/_package_UserData.lisp)
Linked: (/home/ali/catkin_ws/devel/.private/rtabmap_msgs/share/common-lisp/ros/rtabmap_msgs/msg/ScanDescriptor.lisp, /home/ali/catkin_ws/devel/share/common-lisp/ros/rtabmap_msgs/msg/ScanDescriptor.lisp)
Linked: (/home/ali/catkin_ws/devel/.private/rtabmap_msgs/share/common-lisp/ros/rtabmap_msgs/msg/rtabmap_msgs-msg.asd, /home/ali/catkin_ws/devel/share/common-lisp/ros/rtabmap_msgs/msg/rtabmap_msgs-msg.asd)
Linked: (/home/ali/catkin_ws/devel/.private/rtabmap_msgs/share/common-lisp/ros/rtabmap_msgs/msg/UserData.lisp, /home/ali/catkin_ws/devel/share/common-lisp/ros/rtabmap_msgs/msg/UserData.lisp)
Linked: (/home/ali/catkin_ws/devel/.private/rtabmap_msgs/share/common-lisp/ros/rtabmap_msgs/msg/_package_Goal.lisp, /home/ali/catkin_ws/devel/share/common-lisp/ros/rtabmap_msgs/msg/_package_Goal.lisp)
Linked: (/home/ali/catkin_ws/devel/.private/rtabmap_msgs/share/common-lisp/ros/rtabmap_msgs/msg/_package_CameraModels.lisp, /home/ali/catkin_ws/devel/share/common-lisp/ros/rtabmap_msgs/msg/_package_CameraModels.lisp)
Linked: (/home/ali/catkin_ws/devel/.private/rtabmap_msgs/share/common-lisp/ros/rtabmap_msgs/msg/_package_GlobalDescriptor.lisp, /home/ali/catkin_ws/devel/share/common-lisp/ros/rtabmap_msgs/msg/_package_GlobalDescriptor.lisp)
Linked: (/home/ali/catkin_ws/devel/.private/rtabmap_msgs/share/common-lisp/ros/rtabmap_msgs/msg/Point3f.lisp, /home/ali/catkin_ws/devel/share/common-lisp/ros/rtabmap_msgs/msg/Point3f.lisp)
Linked: (/home/ali/catkin_ws/devel/.private/rtabmap_msgs/share/common-lisp/ros/rtabmap_msgs/msg/GPS.lisp, /home/ali/catkin_ws/devel/share/common-lisp/ros/rtabmap_msgs/msg/GPS.lisp)
Linked: (/home/ali/catkin_ws/devel/.private/rtabmap_msgs/share/common-lisp/ros/rtabmap_msgs/msg/Node.lisp, /home/ali/catkin_ws/devel/share/common-lisp/ros/rtabmap_msgs/msg/Node.lisp)
Linked: (/home/ali/catkin_ws/devel/.private/rtabmap_msgs/share/common-lisp/ros/rtabmap_msgs/msg/LandmarkDetection.lisp, /home/ali/catkin_ws/devel/share/common-lisp/ros/rtabmap_msgs/msg/LandmarkDetection.lisp)
Linked: (/home/ali/catkin_ws/devel/.private/rtabmap_msgs/share/common-lisp/ros/rtabmap_msgs/msg/_package_LandmarkDetection.lisp, /home/ali/catkin_ws/devel/share/common-lisp/ros/rtabmap_msgs/msg/_package_LandmarkDetection.lisp)
Linked: (/home/ali/catkin_ws/devel/.private/rtabmap_msgs/share/common-lisp/ros/rtabmap_msgs/msg/LandmarkDetections.lisp, /home/ali/catkin_ws/devel/share/common-lisp/ros/rtabmap_msgs/msg/LandmarkDetections.lisp)
Linked: (/home/ali/catkin_ws/devel/.private/rtabmap_msgs/share/common-lisp/ros/rtabmap_msgs/msg/_package_RGBDImage.lisp, /home/ali/catkin_ws/devel/share/common-lisp/ros/rtabmap_msgs/msg/_package_RGBDImage.lisp)
Linked: (/home/ali/catkin_ws/devel/.private/rtabmap_msgs/share/common-lisp/ros/rtabmap_msgs/msg/_package_RGBDImages.lisp, /home/ali/catkin_ws/devel/share/common-lisp/ros/rtabmap_msgs/msg/_package_RGBDImages.lisp)
Linked: (/home/ali/catkin_ws/devel/.private/rtabmap_msgs/share/common-lisp/ros/rtabmap_msgs/msg/GlobalDescriptor.lisp, /home/ali/catkin_ws/devel/share/common-lisp/ros/rtabmap_msgs/msg/GlobalDescriptor.lisp)
Linked: (/home/ali/catkin_ws/devel/.private/rtabmap_msgs/share/common-lisp/ros/rtabmap_msgs/msg/_package_MapData.lisp, /home/ali/catkin_ws/devel/share/common-lisp/ros/rtabmap_msgs/msg/_package_MapData.lisp)
Linked: (/home/ali/catkin_ws/devel/.private/rtabmap_msgs/share/common-lisp/ros/rtabmap_msgs/msg/SensorData.lisp, /home/ali/catkin_ws/devel/share/common-lisp/ros/rtabmap_msgs/msg/SensorData.lisp)
Linked: (/home/ali/catkin_ws/devel/.private/rtabmap_msgs/share/common-lisp/ros/rtabmap_msgs/msg/_package_Link.lisp, /home/ali/catkin_ws/devel/share/common-lisp/ros/rtabmap_msgs/msg/_package_Link.lisp)
Linked: (/home/ali/catkin_ws/devel/.private/rtabmap_msgs/share/common-lisp/ros/rtabmap_msgs/msg/Link.lisp, /home/ali/catkin_ws/devel/share/common-lisp/ros/rtabmap_msgs/msg/Link.lisp)
Linked: (/home/ali/catkin_ws/devel/.private/rtabmap_msgs/share/rtabmap_msgs/cmake/rtabmap_msgs-msg-paths.cmake, /home/ali/catkin_ws/devel/share/rtabmap_msgs/cmake/rtabmap_msgs-msg-paths.cmake)
Linked: (/home/ali/catkin_ws/devel/.private/rtabmap_msgs/share/rtabmap_msgs/cmake/rtabmap_msgs-msg-extras.cmake, /home/ali/catkin_ws/devel/share/rtabmap_msgs/cmake/rtabmap_msgs-msg-extras.cmake)
Linked: (/home/ali/catkin_ws/devel/.private/rtabmap_msgs/share/rtabmap_msgs/cmake/rtabmap_msgsConfig.cmake, /home/ali/catkin_ws/devel/share/rtabmap_msgs/cmake/rtabmap_msgsConfig.cmake)
Linked: (/home/ali/catkin_ws/devel/.private/rtabmap_msgs/share/rtabmap_msgs/cmake/rtabmap_msgsConfig-version.cmake, /home/ali/catkin_ws/devel/share/rtabmap_msgs/cmake/rtabmap_msgsConfig-version.cmake)
Linked: (/home/ali/catkin_ws/devel/.private/rtabmap_msgs/share/roseus/ros/rtabmap_msgs/manifest.l, /home/ali/catkin_ws/devel/share/roseus/ros/rtabmap_msgs/manifest.l)
Linked: (/home/ali/catkin_ws/devel/.private/rtabmap_msgs/share/roseus/ros/rtabmap_msgs/srv/ResetPose.l, /home/ali/catkin_ws/devel/share/roseus/ros/rtabmap_msgs/srv/ResetPose.l)
Linked: (/home/ali/catkin_ws/devel/.private/rtabmap_msgs/share/roseus/ros/rtabmap_msgs/srv/AddLink.l, /home/ali/catkin_ws/devel/share/roseus/ros/rtabmap_msgs/srv/AddLink.l)
Linked: (/home/ali/catkin_ws/devel/.private/rtabmap_msgs/share/roseus/ros/rtabmap_msgs/srv/CleanupLocalGrids.l, /home/ali/catkin_ws/devel/share/roseus/ros/rtabmap_msgs/srv/CleanupLocalGrids.l)
Linked: (/home/ali/catkin_ws/devel/.private/rtabmap_msgs/share/roseus/ros/rtabmap_msgs/srv/GetMap2.l, /home/ali/catkin_ws/devel/share/roseus/ros/rtabmap_msgs/srv/GetMap2.l)
Linked: (/home/ali/catkin_ws/devel/.private/rtabmap_msgs/share/roseus/ros/rtabmap_msgs/srv/GlobalBundleAdjustment.l, /home/ali/catkin_ws/devel/share/roseus/ros/rtabmap_msgs/srv/GlobalBundleAdjustment.l)
Linked: (/home/ali/catkin_ws/devel/.private/rtabmap_msgs/share/roseus/ros/rtabmap_msgs/srv/SetGoal.l, /home/ali/catkin_ws/devel/share/roseus/ros/rtabmap_msgs/srv/SetGoal.l)
Linked: (/home/ali/catkin_ws/devel/.private/rtabmap_msgs/share/roseus/ros/rtabmap_msgs/srv/LoadDatabase.l, /home/ali/catkin_ws/devel/share/roseus/ros/rtabmap_msgs/srv/LoadDatabase.l)
Linked: (/home/ali/catkin_ws/devel/.private/rtabmap_msgs/share/roseus/ros/rtabmap_msgs/srv/PublishMap.l, /home/ali/catkin_ws/devel/share/roseus/ros/rtabmap_msgs/srv/PublishMap.l)
Linked: (/home/ali/catkin_ws/devel/.private/rtabmap_msgs/share/roseus/ros/rtabmap_msgs/srv/GetMap.l, /home/ali/catkin_ws/devel/share/roseus/ros/rtabmap_msgs/srv/GetMap.l)
Linked: (/home/ali/catkin_ws/devel/.private/rtabmap_msgs/share/roseus/ros/rtabmap_msgs/srv/GetNodeData.l, /home/ali/catkin_ws/devel/share/roseus/ros/rtabmap_msgs/srv/GetNodeData.l)
Linked: (/home/ali/catkin_ws/devel/.private/rtabmap_msgs/share/roseus/ros/rtabmap_msgs/srv/RemoveLabel.l, /home/ali/catkin_ws/devel/share/roseus/ros/rtabmap_msgs/srv/RemoveLabel.l)
Linked: (/home/ali/catkin_ws/devel/.private/rtabmap_msgs/share/roseus/ros/rtabmap_msgs/srv/ListLabels.l, /home/ali/catkin_ws/devel/share/roseus/ros/rtabmap_msgs/srv/ListLabels.l)
Linked: (/home/ali/catkin_ws/devel/.private/rtabmap_msgs/share/roseus/ros/rtabmap_msgs/srv/SetLabel.l, /home/ali/catkin_ws/devel/share/roseus/ros/rtabmap_msgs/srv/SetLabel.l)
Linked: (/home/ali/catkin_ws/devel/.private/rtabmap_msgs/share/roseus/ros/rtabmap_msgs/srv/GetPlan.l, /home/ali/catkin_ws/devel/share/roseus/ros/rtabmap_msgs/srv/GetPlan.l)
Linked: (/home/ali/catkin_ws/devel/.private/rtabmap_msgs/share/roseus/ros/rtabmap_msgs/srv/DetectMoreLoopClosures.l, /home/ali/catkin_ws/devel/share/roseus/ros/rtabmap_msgs/srv/DetectMoreLoopClosures.l)
Linked: (/home/ali/catkin_ws/devel/.private/rtabmap_msgs/share/roseus/ros/rtabmap_msgs/srv/GetNodesInRadius.l, /home/ali/catkin_ws/devel/share/roseus/ros/rtabmap_msgs/srv/GetNodesInRadius.l)
Linked: (/home/ali/catkin_ws/devel/.private/rtabmap_msgs/share/roseus/ros/rtabmap_msgs/msg/ScanDescriptor.l, /home/ali/catkin_ws/devel/share/roseus/ros/rtabmap_msgs/msg/ScanDescriptor.l)
Linked: (/home/ali/catkin_ws/devel/.private/rtabmap_msgs/share/roseus/ros/rtabmap_msgs/msg/LandmarkDetections.l, /home/ali/catkin_ws/devel/share/roseus/ros/rtabmap_msgs/msg/LandmarkDetections.l)
Linked: (/home/ali/catkin_ws/devel/.private/rtabmap_msgs/share/roseus/ros/rtabmap_msgs/msg/UserData.l, /home/ali/catkin_ws/devel/share/roseus/ros/rtabmap_msgs/msg/UserData.l)
Linked: (/home/ali/catkin_ws/devel/.private/rtabmap_msgs/share/roseus/ros/rtabmap_msgs/msg/OdomInfo.l, /home/ali/catkin_ws/devel/share/roseus/ros/rtabmap_msgs/msg/OdomInfo.l)
Linked: (/home/ali/catkin_ws/devel/.private/rtabmap_msgs/share/roseus/ros/rtabmap_msgs/msg/Node.l, /home/ali/catkin_ws/devel/share/roseus/ros/rtabmap_msgs/msg/Node.l)
Linked: (/home/ali/catkin_ws/devel/.private/rtabmap_msgs/share/roseus/ros/rtabmap_msgs/msg/Point3f.l, /home/ali/catkin_ws/devel/share/roseus/ros/rtabmap_msgs/msg/Point3f.l)
Linked: (/home/ali/catkin_ws/devel/.private/rtabmap_msgs/share/roseus/ros/rtabmap_msgs/msg/CameraModels.l, /home/ali/catkin_ws/devel/share/roseus/ros/rtabmap_msgs/msg/CameraModels.l)
Linked: (/home/ali/catkin_ws/devel/.private/rtabmap_msgs/share/roseus/ros/rtabmap_msgs/msg/Goal.l, /home/ali/catkin_ws/devel/share/roseus/ros/rtabmap_msgs/msg/Goal.l)
Linked: (/home/ali/catkin_ws/devel/.private/rtabmap_msgs/share/roseus/ros/rtabmap_msgs/msg/EnvSensor.l, /home/ali/catkin_ws/devel/share/roseus/ros/rtabmap_msgs/msg/EnvSensor.l)
Linked: (/home/ali/catkin_ws/devel/.private/rtabmap_msgs/share/roseus/ros/rtabmap_msgs/msg/MapData.l, /home/ali/catkin_ws/devel/share/roseus/ros/rtabmap_msgs/msg/MapData.l)
Linked: (/home/ali/catkin_ws/devel/.private/rtabmap_msgs/share/roseus/ros/rtabmap_msgs/msg/Point2f.l, /home/ali/catkin_ws/devel/share/roseus/ros/rtabmap_msgs/msg/Point2f.l)
Linked: (/home/ali/catkin_ws/devel/.private/rtabmap_msgs/share/roseus/ros/rtabmap_msgs/msg/KeyPoint.l, /home/ali/catkin_ws/devel/share/roseus/ros/rtabmap_msgs/msg/KeyPoint.l)
Linked: (/home/ali/catkin_ws/devel/.private/rtabmap_msgs/share/roseus/ros/rtabmap_msgs/msg/GlobalDescriptor.l, /home/ali/catkin_ws/devel/share/roseus/ros/rtabmap_msgs/msg/GlobalDescriptor.l)
Linked: (/home/ali/catkin_ws/devel/.private/rtabmap_msgs/share/roseus/ros/rtabmap_msgs/msg/MapGraph.l, /home/ali/catkin_ws/devel/share/roseus/ros/rtabmap_msgs/msg/MapGraph.l)
Linked: (/home/ali/catkin_ws/devel/.private/rtabmap_msgs/share/roseus/ros/rtabmap_msgs/msg/SensorData.l, /home/ali/catkin_ws/devel/share/roseus/ros/rtabmap_msgs/msg/SensorData.l)
Linked: (/home/ali/catkin_ws/devel/.private/rtabmap_msgs/share/roseus/ros/rtabmap_msgs/msg/GPS.l, /home/ali/catkin_ws/devel/share/roseus/ros/rtabmap_msgs/msg/GPS.l)
Linked: (/home/ali/catkin_ws/devel/.private/rtabmap_msgs/share/roseus/ros/rtabmap_msgs/msg/LandmarkDetection.l, /home/ali/catkin_ws/devel/share/roseus/ros/rtabmap_msgs/msg/LandmarkDetection.l)
Linked: (/home/ali/catkin_ws/devel/.private/rtabmap_msgs/share/roseus/ros/rtabmap_msgs/msg/Link.l, /home/ali/catkin_ws/devel/share/roseus/ros/rtabmap_msgs/msg/Link.l)
Linked: (/home/ali/catkin_ws/devel/.private/rtabmap_msgs/share/roseus/ros/rtabmap_msgs/msg/Path.l, /home/ali/catkin_ws/devel/share/roseus/ros/rtabmap_msgs/msg/Path.l)
Linked: (/home/ali/catkin_ws/devel/.private/rtabmap_msgs/share/roseus/ros/rtabmap_msgs/msg/Info.l, /home/ali/catkin_ws/devel/share/roseus/ros/rtabmap_msgs/msg/Info.l)
Linked: (/home/ali/catkin_ws/devel/.private/rtabmap_msgs/share/roseus/ros/rtabmap_msgs/msg/RGBDImage.l, /home/ali/catkin_ws/devel/share/roseus/ros/rtabmap_msgs/msg/RGBDImage.l)
Linked: (/home/ali/catkin_ws/devel/.private/rtabmap_msgs/share/roseus/ros/rtabmap_msgs/msg/RGBDImages.l, /home/ali/catkin_ws/devel/share/roseus/ros/rtabmap_msgs/msg/RGBDImages.l)
Linked: (/home/ali/catkin_ws/devel/.private/rtabmap_msgs/share/roseus/ros/rtabmap_msgs/msg/CameraModel.l, /home/ali/catkin_ws/devel/share/roseus/ros/rtabmap_msgs/msg/CameraModel.l)
Linked: (/home/ali/catkin_ws/devel/.private/rtabmap_msgs/lib/pkgconfig/rtabmap_msgs.pc, /home/ali/catkin_ws/devel/lib/pkgconfig/rtabmap_msgs.pc)
Linked: (/home/ali/catkin_ws/devel/.private/rtabmap_msgs/lib/python3/dist-packages/rtabmap_msgs/__init__.py, /home/ali/catkin_ws/devel/lib/python3/dist-packages/rtabmap_msgs/__init__.py)
Linked: (/home/ali/catkin_ws/devel/.private/rtabmap_msgs/lib/python3/dist-packages/rtabmap_msgs/srv/_PublishMap.py, /home/ali/catkin_ws/devel/lib/python3/dist-packages/rtabmap_msgs/srv/_PublishMap.py)
Linked: (/home/ali/catkin_ws/devel/.private/rtabmap_msgs/lib/python3/dist-packages/rtabmap_msgs/srv/_AddLink.py, /home/ali/catkin_ws/devel/lib/python3/dist-packages/rtabmap_msgs/srv/_AddLink.py)
Linked: (/home/ali/catkin_ws/devel/.private/rtabmap_msgs/lib/python3/dist-packages/rtabmap_msgs/srv/_GetNodesInRadius.py, /home/ali/catkin_ws/devel/lib/python3/dist-packages/rtabmap_msgs/srv/_GetNodesInRadius.py)
Linked: (/home/ali/catkin_ws/devel/.private/rtabmap_msgs/lib/python3/dist-packages/rtabmap_msgs/srv/__init__.py, /home/ali/catkin_ws/devel/lib/python3/dist-packages/rtabmap_msgs/srv/__init__.py)
Linked: (/home/ali/catkin_ws/devel/.private/rtabmap_msgs/lib/python3/dist-packages/rtabmap_msgs/srv/_GetPlan.py, /home/ali/catkin_ws/devel/lib/python3/dist-packages/rtabmap_msgs/srv/_GetPlan.py)
Linked: (/home/ali/catkin_ws/devel/.private/rtabmap_msgs/lib/python3/dist-packages/rtabmap_msgs/srv/_SetGoal.py, /home/ali/catkin_ws/devel/lib/python3/dist-packages/rtabmap_msgs/srv/_SetGoal.py)
Linked: (/home/ali/catkin_ws/devel/.private/rtabmap_msgs/lib/python3/dist-packages/rtabmap_msgs/srv/_LoadDatabase.py, /home/ali/catkin_ws/devel/lib/python3/dist-packages/rtabmap_msgs/srv/_LoadDatabase.py)
Linked: (/home/ali/catkin_ws/devel/.private/rtabmap_msgs/lib/python3/dist-packages/rtabmap_msgs/srv/_SetLabel.py, /home/ali/catkin_ws/devel/lib/python3/dist-packages/rtabmap_msgs/srv/_SetLabel.py)
Linked: (/home/ali/catkin_ws/devel/.private/rtabmap_msgs/lib/python3/dist-packages/rtabmap_msgs/srv/_DetectMoreLoopClosures.py, /home/ali/catkin_ws/devel/lib/python3/dist-packages/rtabmap_msgs/srv/_DetectMoreLoopClosures.py)
Linked: (/home/ali/catkin_ws/devel/.private/rtabmap_msgs/lib/python3/dist-packages/rtabmap_msgs/srv/_GlobalBundleAdjustment.py, /home/ali/catkin_ws/devel/lib/python3/dist-packages/rtabmap_msgs/srv/_GlobalBundleAdjustment.py)
Linked: (/home/ali/catkin_ws/devel/.private/rtabmap_msgs/lib/python3/dist-packages/rtabmap_msgs/srv/_GetNodeData.py, /home/ali/catkin_ws/devel/lib/python3/dist-packages/rtabmap_msgs/srv/_GetNodeData.py)
Linked: (/home/ali/catkin_ws/devel/.private/rtabmap_msgs/lib/python3/dist-packages/rtabmap_msgs/srv/_RemoveLabel.py, /home/ali/catkin_ws/devel/lib/python3/dist-packages/rtabmap_msgs/srv/_RemoveLabel.py)
Linked: (/home/ali/catkin_ws/devel/.private/rtabmap_msgs/lib/python3/dist-packages/rtabmap_msgs/srv/_GetMap.py, /home/ali/catkin_ws/devel/lib/python3/dist-packages/rtabmap_msgs/srv/_GetMap.py)
Linked: (/home/ali/catkin_ws/devel/.private/rtabmap_msgs/lib/python3/dist-packages/rtabmap_msgs/srv/_ResetPose.py, /home/ali/catkin_ws/devel/lib/python3/dist-packages/rtabmap_msgs/srv/_ResetPose.py)
Linked: (/home/ali/catkin_ws/devel/.private/rtabmap_msgs/lib/python3/dist-packages/rtabmap_msgs/srv/_GetMap2.py, /home/ali/catkin_ws/devel/lib/python3/dist-packages/rtabmap_msgs/srv/_GetMap2.py)
Linked: (/home/ali/catkin_ws/devel/.private/rtabmap_msgs/lib/python3/dist-packages/rtabmap_msgs/srv/_CleanupLocalGrids.py, /home/ali/catkin_ws/devel/lib/python3/dist-packages/rtabmap_msgs/srv/_CleanupLocalGrids.py)
Linked: (/home/ali/catkin_ws/devel/.private/rtabmap_msgs/lib/python3/dist-packages/rtabmap_msgs/srv/_ListLabels.py, /home/ali/catkin_ws/devel/lib/python3/dist-packages/rtabmap_msgs/srv/_ListLabels.py)
Linked: (/home/ali/catkin_ws/devel/.private/rtabmap_msgs/lib/python3/dist-packages/rtabmap_msgs/msg/_MapGraph.py, /home/ali/catkin_ws/devel/lib/python3/dist-packages/rtabmap_msgs/msg/_MapGraph.py)
Linked: (/home/ali/catkin_ws/devel/.private/rtabmap_msgs/lib/python3/dist-packages/rtabmap_msgs/msg/_Info.py, /home/ali/catkin_ws/devel/lib/python3/dist-packages/rtabmap_msgs/msg/_Info.py)
Linked: (/home/ali/catkin_ws/devel/.private/rtabmap_msgs/lib/python3/dist-packages/rtabmap_msgs/msg/_Point2f.py, /home/ali/catkin_ws/devel/lib/python3/dist-packages/rtabmap_msgs/msg/_Point2f.py)
Linked: (/home/ali/catkin_ws/devel/.private/rtabmap_msgs/lib/python3/dist-packages/rtabmap_msgs/msg/_Path.py, /home/ali/catkin_ws/devel/lib/python3/dist-packages/rtabmap_msgs/msg/_Path.py)
Linked: (/home/ali/catkin_ws/devel/.private/rtabmap_msgs/lib/python3/dist-packages/rtabmap_msgs/msg/_Goal.py, /home/ali/catkin_ws/devel/lib/python3/dist-packages/rtabmap_msgs/msg/_Goal.py)
Linked: (/home/ali/catkin_ws/devel/.private/rtabmap_msgs/lib/python3/dist-packages/rtabmap_msgs/msg/__init__.py, /home/ali/catkin_ws/devel/lib/python3/dist-packages/rtabmap_msgs/msg/__init__.py)
Linked: (/home/ali/catkin_ws/devel/.private/rtabmap_msgs/lib/python3/dist-packages/rtabmap_msgs/msg/_UserData.py, /home/ali/catkin_ws/devel/lib/python3/dist-packages/rtabmap_msgs/msg/_UserData.py)
Linked: (/home/ali/catkin_ws/devel/.private/rtabmap_msgs/lib/python3/dist-packages/rtabmap_msgs/msg/_GPS.py, /home/ali/catkin_ws/devel/lib/python3/dist-packages/rtabmap_msgs/msg/_GPS.py)
Linked: (/home/ali/catkin_ws/devel/.private/rtabmap_msgs/lib/python3/dist-packages/rtabmap_msgs/msg/_EnvSensor.py, /home/ali/catkin_ws/devel/lib/python3/dist-packages/rtabmap_msgs/msg/_EnvSensor.py)
Linked: (/home/ali/catkin_ws/devel/.private/rtabmap_msgs/lib/python3/dist-packages/rtabmap_msgs/msg/_LandmarkDetections.py, /home/ali/catkin_ws/devel/lib/python3/dist-packages/rtabmap_msgs/msg/_LandmarkDetections.py)
Linked: (/home/ali/catkin_ws/devel/.private/rtabmap_msgs/lib/python3/dist-packages/rtabmap_msgs/msg/_OdomInfo.py, /home/ali/catkin_ws/devel/lib/python3/dist-packages/rtabmap_msgs/msg/_OdomInfo.py)
Linked: (/home/ali/catkin_ws/devel/.private/rtabmap_msgs/lib/python3/dist-packages/rtabmap_msgs/msg/_LandmarkDetection.py, /home/ali/catkin_ws/devel/lib/python3/dist-packages/rtabmap_msgs/msg/_LandmarkDetection.py)
Linked: (/home/ali/catkin_ws/devel/.private/rtabmap_msgs/lib/python3/dist-packages/rtabmap_msgs/msg/_MapData.py, /home/ali/catkin_ws/devel/lib/python3/dist-packages/rtabmap_msgs/msg/_MapData.py)
Linked: (/home/ali/catkin_ws/devel/.private/rtabmap_msgs/lib/python3/dist-packages/rtabmap_msgs/msg/_GlobalDescriptor.py, /home/ali/catkin_ws/devel/lib/python3/dist-packages/rtabmap_msgs/msg/_GlobalDescriptor.py)
Linked: (/home/ali/catkin_ws/devel/.private/rtabmap_msgs/lib/python3/dist-packages/rtabmap_msgs/msg/_RGBDImages.py, /home/ali/catkin_ws/devel/lib/python3/dist-packages/rtabmap_msgs/msg/_RGBDImages.py)
Linked: (/home/ali/catkin_ws/devel/.private/rtabmap_msgs/lib/python3/dist-packages/rtabmap_msgs/msg/_Node.py, /home/ali/catkin_ws/devel/lib/python3/dist-packages/rtabmap_msgs/msg/_Node.py)
Linked: (/home/ali/catkin_ws/devel/.private/rtabmap_msgs/lib/python3/dist-packages/rtabmap_msgs/msg/_SensorData.py, /home/ali/catkin_ws/devel/lib/python3/dist-packages/rtabmap_msgs/msg/_SensorData.py)
Linked: (/home/ali/catkin_ws/devel/.private/rtabmap_msgs/lib/python3/dist-packages/rtabmap_msgs/msg/_Point3f.py, /home/ali/catkin_ws/devel/lib/python3/dist-packages/rtabmap_msgs/msg/_Point3f.py)
Linked: (/home/ali/catkin_ws/devel/.private/rtabmap_msgs/lib/python3/dist-packages/rtabmap_msgs/msg/_KeyPoint.py, /home/ali/catkin_ws/devel/lib/python3/dist-packages/rtabmap_msgs/msg/_KeyPoint.py)
Linked: (/home/ali/catkin_ws/devel/.private/rtabmap_msgs/lib/python3/dist-packages/rtabmap_msgs/msg/_CameraModel.py, /home/ali/catkin_ws/devel/lib/python3/dist-packages/rtabmap_msgs/msg/_CameraModel.py)
Linked: (/home/ali/catkin_ws/devel/.private/rtabmap_msgs/lib/python3/dist-packages/rtabmap_msgs/msg/_RGBDImage.py, /home/ali/catkin_ws/devel/lib/python3/dist-packages/rtabmap_msgs/msg/_RGBDImage.py)
Linked: (/home/ali/catkin_ws/devel/.private/rtabmap_msgs/lib/python3/dist-packages/rtabmap_msgs/msg/_ScanDescriptor.py, /home/ali/catkin_ws/devel/lib/python3/dist-packages/rtabmap_msgs/msg/_ScanDescriptor.py)
Linked: (/home/ali/catkin_ws/devel/.private/rtabmap_msgs/lib/python3/dist-packages/rtabmap_msgs/msg/_Link.py, /home/ali/catkin_ws/devel/lib/python3/dist-packages/rtabmap_msgs/msg/_Link.py)
Linked: (/home/ali/catkin_ws/devel/.private/rtabmap_msgs/lib/python3/dist-packages/rtabmap_msgs/msg/_CameraModels.py, /home/ali/catkin_ws/devel/lib/python3/dist-packages/rtabmap_msgs/msg/_CameraModels.py)
Linked: (/home/ali/catkin_ws/devel/.private/rtabmap_msgs/include/rtabmap_msgs/GlobalBundleAdjustmentResponse.h, /home/ali/catkin_ws/devel/include/rtabmap_msgs/GlobalBundleAdjustmentResponse.h)
Linked: (/home/ali/catkin_ws/devel/.private/rtabmap_msgs/include/rtabmap_msgs/Point2f.h, /home/ali/catkin_ws/devel/include/rtabmap_msgs/Point2f.h)
Linked: (/home/ali/catkin_ws/devel/.private/rtabmap_msgs/include/rtabmap_msgs/GetNodesInRadius.h, /home/ali/catkin_ws/devel/include/rtabmap_msgs/GetNodesInRadius.h)
Linked: (/home/ali/catkin_ws/devel/.private/rtabmap_msgs/include/rtabmap_msgs/GetNodesInRadiusResponse.h, /home/ali/catkin_ws/devel/include/rtabmap_msgs/GetNodesInRadiusResponse.h)
Linked: (/home/ali/catkin_ws/devel/.private/rtabmap_msgs/include/rtabmap_msgs/GetPlanRequest.h, /home/ali/catkin_ws/devel/include/rtabmap_msgs/GetPlanRequest.h)
Linked: (/home/ali/catkin_ws/devel/.private/rtabmap_msgs/include/rtabmap_msgs/LoadDatabaseRequest.h, /home/ali/catkin_ws/devel/include/rtabmap_msgs/LoadDatabaseRequest.h)
Linked: (/home/ali/catkin_ws/devel/.private/rtabmap_msgs/include/rtabmap_msgs/GPS.h, /home/ali/catkin_ws/devel/include/rtabmap_msgs/GPS.h)
Linked: (/home/ali/catkin_ws/devel/.private/rtabmap_msgs/include/rtabmap_msgs/CleanupLocalGrids.h, /home/ali/catkin_ws/devel/include/rtabmap_msgs/CleanupLocalGrids.h)
Linked: (/home/ali/catkin_ws/devel/.private/rtabmap_msgs/include/rtabmap_msgs/EnvSensor.h, /home/ali/catkin_ws/devel/include/rtabmap_msgs/EnvSensor.h)
Linked: (/home/ali/catkin_ws/devel/.private/rtabmap_msgs/include/rtabmap_msgs/GetNodeDataResponse.h, /home/ali/catkin_ws/devel/include/rtabmap_msgs/GetNodeDataResponse.h)
Linked: (/home/ali/catkin_ws/devel/.private/rtabmap_msgs/include/rtabmap_msgs/CameraModel.h, /home/ali/catkin_ws/devel/include/rtabmap_msgs/CameraModel.h)
Linked: (/home/ali/catkin_ws/devel/.private/rtabmap_msgs/include/rtabmap_msgs/GetMapResponse.h, /home/ali/catkin_ws/devel/include/rtabmap_msgs/GetMapResponse.h)
Linked: (/home/ali/catkin_ws/devel/.private/rtabmap_msgs/include/rtabmap_msgs/PublishMapRequest.h, /home/ali/catkin_ws/devel/include/rtabmap_msgs/PublishMapRequest.h)
Linked: (/home/ali/catkin_ws/devel/.private/rtabmap_msgs/include/rtabmap_msgs/GlobalBundleAdjustmentRequest.h, /home/ali/catkin_ws/devel/include/rtabmap_msgs/GlobalBundleAdjustmentRequest.h)
Linked: (/home/ali/catkin_ws/devel/.private/rtabmap_msgs/include/rtabmap_msgs/Path.h, /home/ali/catkin_ws/devel/include/rtabmap_msgs/Path.h)
Linked: (/home/ali/catkin_ws/devel/.private/rtabmap_msgs/include/rtabmap_msgs/CameraModels.h, /home/ali/catkin_ws/devel/include/rtabmap_msgs/CameraModels.h)
Linked: (/home/ali/catkin_ws/devel/.private/rtabmap_msgs/include/rtabmap_msgs/LandmarkDetection.h, /home/ali/catkin_ws/devel/include/rtabmap_msgs/LandmarkDetection.h)
Linked: (/home/ali/catkin_ws/devel/.private/rtabmap_msgs/include/rtabmap_msgs/RemoveLabelResponse.h, /home/ali/catkin_ws/devel/include/rtabmap_msgs/RemoveLabelResponse.h)
Linked: (/home/ali/catkin_ws/devel/.private/rtabmap_msgs/include/rtabmap_msgs/ResetPoseRequest.h, /home/ali/catkin_ws/devel/include/rtabmap_msgs/ResetPoseRequest.h)
Linked: (/home/ali/catkin_ws/devel/.private/rtabmap_msgs/include/rtabmap_msgs/DetectMoreLoopClosuresRequest.h, /home/ali/catkin_ws/devel/include/rtabmap_msgs/DetectMoreLoopClosuresRequest.h)
Linked: (/home/ali/catkin_ws/devel/.private/rtabmap_msgs/include/rtabmap_msgs/AddLink.h, /home/ali/catkin_ws/devel/include/rtabmap_msgs/AddLink.h)
Linked: (/home/ali/catkin_ws/devel/.private/rtabmap_msgs/include/rtabmap_msgs/KeyPoint.h, /home/ali/catkin_ws/devel/include/rtabmap_msgs/KeyPoint.h)
Linked: (/home/ali/catkin_ws/devel/.private/rtabmap_msgs/include/rtabmap_msgs/Link.h, /home/ali/catkin_ws/devel/include/rtabmap_msgs/Link.h)
Linked: (/home/ali/catkin_ws/devel/.private/rtabmap_msgs/include/rtabmap_msgs/RGBDImage.h, /home/ali/catkin_ws/devel/include/rtabmap_msgs/RGBDImage.h)
Linked: (/home/ali/catkin_ws/devel/.private/rtabmap_msgs/include/rtabmap_msgs/SetGoal.h, /home/ali/catkin_ws/devel/include/rtabmap_msgs/SetGoal.h)
Linked: (/home/ali/catkin_ws/devel/.private/rtabmap_msgs/include/rtabmap_msgs/Goal.h, /home/ali/catkin_ws/devel/include/rtabmap_msgs/Goal.h)
Linked: (/home/ali/catkin_ws/devel/.private/rtabmap_msgs/include/rtabmap_msgs/ListLabels.h, /home/ali/catkin_ws/devel/include/rtabmap_msgs/ListLabels.h)
Linked: (/home/ali/catkin_ws/devel/.private/rtabmap_msgs/include/rtabmap_msgs/ListLabelsRequest.h, /home/ali/catkin_ws/devel/include/rtabmap_msgs/ListLabelsRequest.h)
Linked: (/home/ali/catkin_ws/devel/.private/rtabmap_msgs/include/rtabmap_msgs/MapData.h, /home/ali/catkin_ws/devel/include/rtabmap_msgs/MapData.h)
Linked: (/home/ali/catkin_ws/devel/.private/rtabmap_msgs/include/rtabmap_msgs/ListLabelsResponse.h, /home/ali/catkin_ws/devel/include/rtabmap_msgs/ListLabelsResponse.h)
Linked: (/home/ali/catkin_ws/devel/.private/rtabmap_msgs/include/rtabmap_msgs/SetLabel.h, /home/ali/catkin_ws/devel/include/rtabmap_msgs/SetLabel.h)
Linked: (/home/ali/catkin_ws/devel/.private/rtabmap_msgs/include/rtabmap_msgs/ScanDescriptor.h, /home/ali/catkin_ws/devel/include/rtabmap_msgs/ScanDescriptor.h)
Linked: (/home/ali/catkin_ws/devel/.private/rtabmap_msgs/include/rtabmap_msgs/RGBDImages.h, /home/ali/catkin_ws/devel/include/rtabmap_msgs/RGBDImages.h)
Linked: (/home/ali/catkin_ws/devel/.private/rtabmap_msgs/include/rtabmap_msgs/GetNodeDataRequest.h, /home/ali/catkin_ws/devel/include/rtabmap_msgs/GetNodeDataRequest.h)
Linked: (/home/ali/catkin_ws/devel/.private/rtabmap_msgs/include/rtabmap_msgs/GetMap2Response.h, /home/ali/catkin_ws/devel/include/rtabmap_msgs/GetMap2Response.h)
Linked: (/home/ali/catkin_ws/devel/.private/rtabmap_msgs/include/rtabmap_msgs/OdomInfo.h, /home/ali/catkin_ws/devel/include/rtabmap_msgs/OdomInfo.h)
Linked: (/home/ali/catkin_ws/devel/.private/rtabmap_msgs/include/rtabmap_msgs/RemoveLabelRequest.h, /home/ali/catkin_ws/devel/include/rtabmap_msgs/RemoveLabelRequest.h)
Linked: (/home/ali/catkin_ws/devel/.private/rtabmap_msgs/include/rtabmap_msgs/SetGoalRequest.h, /home/ali/catkin_ws/devel/include/rtabmap_msgs/SetGoalRequest.h)
Linked: (/home/ali/catkin_ws/devel/.private/rtabmap_msgs/include/rtabmap_msgs/GetMap2.h, /home/ali/catkin_ws/devel/include/rtabmap_msgs/GetMap2.h)
Linked: (/home/ali/catkin_ws/devel/.private/rtabmap_msgs/include/rtabmap_msgs/SetLabelRequest.h, /home/ali/catkin_ws/devel/include/rtabmap_msgs/SetLabelRequest.h)
Linked: (/home/ali/catkin_ws/devel/.private/rtabmap_msgs/include/rtabmap_msgs/GlobalBundleAdjustment.h, /home/ali/catkin_ws/devel/include/rtabmap_msgs/GlobalBundleAdjustment.h)
Linked: (/home/ali/catkin_ws/devel/.private/rtabmap_msgs/include/rtabmap_msgs/CleanupLocalGridsResponse.h, /home/ali/catkin_ws/devel/include/rtabmap_msgs/CleanupLocalGridsResponse.h)
Linked: (/home/ali/catkin_ws/devel/.private/rtabmap_msgs/include/rtabmap_msgs/MapGraph.h, /home/ali/catkin_ws/devel/include/rtabmap_msgs/MapGraph.h)
Linked: (/home/ali/catkin_ws/devel/.private/rtabmap_msgs/include/rtabmap_msgs/AddLinkResponse.h, /home/ali/catkin_ws/devel/include/rtabmap_msgs/AddLinkResponse.h)
Linked: (/home/ali/catkin_ws/devel/.private/rtabmap_msgs/include/rtabmap_msgs/SensorData.h, /home/ali/catkin_ws/devel/include/rtabmap_msgs/SensorData.h)
Linked: (/home/ali/catkin_ws/devel/.private/rtabmap_msgs/include/rtabmap_msgs/DetectMoreLoopClosuresResponse.h, /home/ali/catkin_ws/devel/include/rtabmap_msgs/DetectMoreLoopClosuresResponse.h)
Linked: (/home/ali/catkin_ws/devel/.private/rtabmap_msgs/include/rtabmap_msgs/ResetPose.h, /home/ali/catkin_ws/devel/include/rtabmap_msgs/ResetPose.h)
Linked: (/home/ali/catkin_ws/devel/.private/rtabmap_msgs/include/rtabmap_msgs/SetLabelResponse.h, /home/ali/catkin_ws/devel/include/rtabmap_msgs/SetLabelResponse.h)
Linked: (/home/ali/catkin_ws/devel/.private/rtabmap_msgs/include/rtabmap_msgs/CleanupLocalGridsRequest.h, /home/ali/catkin_ws/devel/include/rtabmap_msgs/CleanupLocalGridsRequest.h)
Linked: (/home/ali/catkin_ws/devel/.private/rtabmap_msgs/include/rtabmap_msgs/DetectMoreLoopClosures.h, /home/ali/catkin_ws/devel/include/rtabmap_msgs/DetectMoreLoopClosures.h)
Linked: (/home/ali/catkin_ws/devel/.private/rtabmap_msgs/include/rtabmap_msgs/UserData.h, /home/ali/catkin_ws/devel/include/rtabmap_msgs/UserData.h)
Linked: (/home/ali/catkin_ws/devel/.private/rtabmap_msgs/include/rtabmap_msgs/PublishMapResponse.h, /home/ali/catkin_ws/devel/include/rtabmap_msgs/PublishMapResponse.h)
Linked: (/home/ali/catkin_ws/devel/.private/rtabmap_msgs/include/rtabmap_msgs/PublishMap.h, /home/ali/catkin_ws/devel/include/rtabmap_msgs/PublishMap.h)
Linked: (/home/ali/catkin_ws/devel/.private/rtabmap_msgs/include/rtabmap_msgs/GetPlanResponse.h, /home/ali/catkin_ws/devel/include/rtabmap_msgs/GetPlanResponse.h)
Linked: (/home/ali/catkin_ws/devel/.private/rtabmap_msgs/include/rtabmap_msgs/AddLinkRequest.h, /home/ali/catkin_ws/devel/include/rtabmap_msgs/AddLinkRequest.h)
Linked: (/home/ali/catkin_ws/devel/.private/rtabmap_msgs/include/rtabmap_msgs/GlobalDescriptor.h, /home/ali/catkin_ws/devel/include/rtabmap_msgs/GlobalDescriptor.h)
Linked: (/home/ali/catkin_ws/devel/.private/rtabmap_msgs/include/rtabmap_msgs/GetMap2Request.h, /home/ali/catkin_ws/devel/include/rtabmap_msgs/GetMap2Request.h)
Linked: (/home/ali/catkin_ws/devel/.private/rtabmap_msgs/include/rtabmap_msgs/GetMap.h, /home/ali/catkin_ws/devel/include/rtabmap_msgs/GetMap.h)
Linked: (/home/ali/catkin_ws/devel/.private/rtabmap_msgs/include/rtabmap_msgs/RemoveLabel.h, /home/ali/catkin_ws/devel/include/rtabmap_msgs/RemoveLabel.h)
Linked: (/home/ali/catkin_ws/devel/.private/rtabmap_msgs/include/rtabmap_msgs/ResetPoseResponse.h, /home/ali/catkin_ws/devel/include/rtabmap_msgs/ResetPoseResponse.h)
Linked: (/home/ali/catkin_ws/devel/.private/rtabmap_msgs/include/rtabmap_msgs/Point3f.h, /home/ali/catkin_ws/devel/include/rtabmap_msgs/Point3f.h)
Linked: (/home/ali/catkin_ws/devel/.private/rtabmap_msgs/include/rtabmap_msgs/Node.h, /home/ali/catkin_ws/devel/include/rtabmap_msgs/Node.h)
Linked: (/home/ali/catkin_ws/devel/.private/rtabmap_msgs/include/rtabmap_msgs/LoadDatabaseResponse.h, /home/ali/catkin_ws/devel/include/rtabmap_msgs/LoadDatabaseResponse.h)
Linked: (/home/ali/catkin_ws/devel/.private/rtabmap_msgs/include/rtabmap_msgs/GetNodesInRadiusRequest.h, /home/ali/catkin_ws/devel/include/rtabmap_msgs/GetNodesInRadiusRequest.h)
Linked: (/home/ali/catkin_ws/devel/.private/rtabmap_msgs/include/rtabmap_msgs/SetGoalResponse.h, /home/ali/catkin_ws/devel/include/rtabmap_msgs/SetGoalResponse.h)
Linked: (/home/ali/catkin_ws/devel/.private/rtabmap_msgs/include/rtabmap_msgs/GetMapRequest.h, /home/ali/catkin_ws/devel/include/rtabmap_msgs/GetMapRequest.h)
Linked: (/home/ali/catkin_ws/devel/.private/rtabmap_msgs/include/rtabmap_msgs/GetPlan.h, /home/ali/catkin_ws/devel/include/rtabmap_msgs/GetPlan.h)
Linked: (/home/ali/catkin_ws/devel/.private/rtabmap_msgs/include/rtabmap_msgs/LoadDatabase.h, /home/ali/catkin_ws/devel/include/rtabmap_msgs/LoadDatabase.h)
Linked: (/home/ali/catkin_ws/devel/.private/rtabmap_msgs/include/rtabmap_msgs/Info.h, /home/ali/catkin_ws/devel/include/rtabmap_msgs/Info.h)
Linked: (/home/ali/catkin_ws/devel/.private/rtabmap_msgs/include/rtabmap_msgs/LandmarkDetections.h, /home/ali/catkin_ws/devel/include/rtabmap_msgs/LandmarkDetections.h)
Linked: (/home/ali/catkin_ws/devel/.private/rtabmap_msgs/include/rtabmap_msgs/GetNodeData.h, /home/ali/catkin_ws/devel/include/rtabmap_msgs/GetNodeData.h)
