[35m[1mScanning dependencies of target rtabmap_rgbd_sync[0m
[35m[1mScanning dependencies of target rtabmap_rgb_sync[0m
[35m[1mScanning dependencies of target rtabmap_sync_plugins[0m
[35m[1mScanning dependencies of target rtabmap_sync[0m
[35m[1mScanning dependencies of target rtabmap_rgbdx_sync[0m
[35m[1mScanning dependencies of target rtabmap_stereo_sync[0m
[ 13%] [32mBuilding CXX object CMakeFiles/rtabmap_rgb_sync.dir/src/RGBSyncNode.cpp.o[0m
[ 13%] [32mBuilding CXX object CMakeFiles/rtabmap_rgbd_sync.dir/src/RGBDSyncNode.cpp.o[0m
[ 13%] [32mBuilding CXX object CMakeFiles/rtabmap_rgbdx_sync.dir/src/RGBDXSyncNode.cpp.o[0m
[ 17%] [32mBuilding CXX object CMakeFiles/rtabmap_stereo_sync.dir/src/StereoSyncNode.cpp.o[0m
[ 21%] [32mBuilding CXX object CMakeFiles/rtabmap_sync_plugins.dir/src/nodelets/rgbd_sync.cpp.o[0m
[ 26%] [32mBuilding CXX object CMakeFiles/rtabmap_sync_plugins.dir/src/nodelets/rgbdx_sync.cpp.o[0m
[ 30%] [32mBuilding CXX object CMakeFiles/rtabmap_sync_plugins.dir/src/nodelets/stereo_sync.cpp.o[0m
[ 34%] [32mBuilding CXX object CMakeFiles/rtabmap_sync_plugins.dir/src/nodelets/rgb_sync.cpp.o[0m
[ 52%] [32mBuilding CXX object CMakeFiles/rtabmap_sync.dir/src/CommonDataSubscriber.cpp.o[0m
[ 52%] [32mBuilding CXX object CMakeFiles/rtabmap_sync.dir/src/impl/CommonDataSubscriberStereo.cpp.o[0m
[ 52%] [32mBuilding CXX object CMakeFiles/rtabmap_sync.dir/src/impl/CommonDataSubscriberDepth.cpp.o[0m
[ 52%] [32mBuilding CXX object CMakeFiles/rtabmap_sync.dir/src/impl/CommonDataSubscriberRGB.cpp.o[0m
[ 56%] [32mBuilding CXX object CMakeFiles/rtabmap_sync.dir/src/impl/CommonDataSubscriberRGBD.cpp.o[0m
[ 60%] [32mBuilding CXX object CMakeFiles/rtabmap_sync.dir/src/impl/CommonDataSubscriberRGBDX.cpp.o[0m
[ 65%] [32mBuilding CXX object CMakeFiles/rtabmap_sync.dir/src/impl/CommonDataSubscriberScan.cpp.o[0m
[ 69%] [32mBuilding CXX object CMakeFiles/rtabmap_sync.dir/src/impl/CommonDataSubscriberSensorData.cpp.o[0m
[ 73%] [32mBuilding CXX object CMakeFiles/rtabmap_sync.dir/src/impl/CommonDataSubscriberOdom.cpp.o[0m
[ 78%] [32m[1mLinking CXX executable /home/ali/catkin_ws/devel/.private/rtabmap_sync/lib/rtabmap_sync/rgbd_sync[0m
[ 82%] [32m[1mLinking CXX executable /home/ali/catkin_ws/devel/.private/rtabmap_sync/lib/rtabmap_sync/rgb_sync[0m
[ 86%] [32m[1mLinking CXX executable /home/ali/catkin_ws/devel/.private/rtabmap_sync/lib/rtabmap_sync/stereo_sync[0m
[ 91%] [32m[1mLinking CXX executable /home/ali/catkin_ws/devel/.private/rtabmap_sync/lib/rtabmap_sync/rgbdx_sync[0m
[ 91%] Built target rtabmap_rgbd_sync
[ 91%] Built target rtabmap_rgb_sync
[ 91%] Built target rtabmap_stereo_sync
[ 91%] Built target rtabmap_rgbdx_sync
[01m[Kc++:[m[K [01;31m[Kfatal error: [m[KKilled signal terminated program cc1plus
compilation terminated.
make[2]: *** [CMakeFiles/rtabmap_sync.dir/build.make:115: CMakeFiles/rtabmap_sync.dir/src/impl/CommonDataSubscriberRGBD.cpp.o] Error 1
make[2]: *** Waiting for unfinished jobs....
[01m[Kc++:[m[K [01;31m[Kfatal error: [m[KKilled signal terminated program cc1plus
compilation terminated.
make[2]: *** [CMakeFiles/rtabmap_sync.dir/build.make:167: CMakeFiles/rtabmap_sync.dir/src/impl/CommonDataSubscriberSensorData.cpp.o] Error 1
[01m[Kc++:[m[K [01;31m[Kfatal error: [m[KKilled signal terminated program cc1plus
compilation terminated.
make[2]: *** [CMakeFiles/rtabmap_sync.dir/build.make:128: CMakeFiles/rtabmap_sync.dir/src/impl/CommonDataSubscriberRGBDX.cpp.o] Error 1
[ 95%] [32m[1mLinking CXX shared library /home/ali/catkin_ws/devel/.private/rtabmap_sync/lib/librtabmap_sync_plugins.so[0m
[ 95%] Built target rtabmap_sync_plugins
make[1]: *** [CMakeFiles/Makefile2:527: CMakeFiles/rtabmap_sync.dir/all] Error 2
make: *** [Makefile:141: all] Error 2
