[ 10%] Built target octomath-static
[ 10%] Built target octomath
[ 35%] Built target octomap-static
[ 37%] Built target octomap
[ 51%] Built target simple_example
[ 51%] Built target graph2tree
[ 51%] Built target log2graph
[ 51%] Built target octree2pointcloud
[ 51%] Built target binvox2bt
[ 54%] Built target bt2vrml
[ 62%] Built target convert_octree
[ 62%] Built target edit_octree
[ 62%] Built target intersection_example
[ 64%] Built target test_iterators
[ 67%] Built target test_raycasting
[ 70%] Built target eval_octree_accuracy
[ 75%] Built target normals_example
[ 75%] Built target compare_octrees
[ 78%] Built target test_scans
[ 82%] Built target test_pruning
[ 83%] Built target test_io
[ 86%] Built target test_bbx
[ 89%] Built target test_color_tree
[ 91%] Built target test_changedkeys
[ 94%] Built target color_tree_histogram
[100%] Built target test_mapcollection
[100%] Built target unit_tests
