[ 10%] Built target octomath
[ 10%] Built target octomath-static
[ 36%] Built target octomap
[ 37%] Built target octomap-static
[ 41%] Built target simple_example
[ 43%] Built target graph2tree
[ 45%] Built target log2graph
[ 48%] Built target binvox2bt
[ 51%] Built target octree2pointcloud
[ 58%] Built target intersection_example
[ 58%] Built target test_iterators
[ 59%] Built target eval_octree_accuracy
[ 62%] Built target edit_octree
[ 64%] Built target bt2vrml
[ 67%] Built target convert_octree
[ 70%] Built target compare_octrees
[ 72%] Built target normals_example
[ 75%] Built target test_raycasting
[ 78%] Built target test_pruning
[ 81%] Built target test_bbx
[ 83%] Built target test_color_tree
[ 86%] Built target color_tree_histogram
[ 89%] Built target test_io
[ 91%] Built target test_mapcollection
[ 94%] Built target test_scans
[ 97%] Built target test_changedkeys
[100%] Built target unit_tests
