[ 10%] Built target octomath-static
[ 10%] Built target octomath
[ 24%] Built target octomap
[ 37%] Built target octomap-static
[ 40%] Built target octree2pointcloud
[ 50%] Built target binvox2bt
[ 50%] Built target simple_example
[ 50%] Built target log2graph
[ 51%] Built target graph2tree
[ 54%] Built target intersection_example
[ 56%] Built target convert_octree
[ 59%] Built target normals_example
[ 62%] Built target bt2vrml
[ 67%] Built target compare_octrees
[ 67%] Built target test_iterators
[ 70%] Built target edit_octree
[ 75%] Built target eval_octree_accuracy
[ 75%] Built target test_raycasting
[ 78%] Built target test_pruning
[ 83%] Built target test_io
[ 83%] Built target test_scans
[ 86%] Built target test_bbx
[ 89%] Built target test_changedkeys
[ 91%] Built target test_color_tree
[ 97%] Built target color_tree_histogram
[ 97%] Built target unit_tests
[100%] Built target test_mapcollection
