[  0%] Built target rosgraph_msgs_generate_messages_nodejs
[  0%] Built target actionlib_msgs_generate_messages_nodejs
[  0%] Built target actionlib_msgs_generate_messages_py
[  0%] Built target sensor_msgs_generate_messages_cpp
[  1%] [32m[1mLinking CXX executable /home/ali/catkin_ws/devel/.private/ros_essentials_cpp/lib/ros_essentials_cpp/open_copy_cpp[0m
[  4%] Built target read_video_cpp
[35m[1mScanning dependencies of target roscpp_generate_messages_lisp[0m
[  4%] Built target std_msgs_generate_messages_py
[  4%] Built target std_msgs_generate_messages_nodejs
[  4%] Built target geometry_msgs_generate_messages_eus
[  4%] Built target std_msgs_generate_messages_cpp
[  4%] Built target roscpp_generate_messages_lisp
[35m[1mScanning dependencies of target actionlib_msgs_generate_messages_cpp[0m
[35m[1mScanning dependencies of target std_msgs_generate_messages_lisp[0m
[35m[1mScanning dependencies of target actionlib_msgs_generate_messages_eus[0m
[35m[1mScanning dependencies of target rosgraph_msgs_generate_messages_py[0m
[35m[1mScanning dependencies of target rosgraph_msgs_generate_messages_lisp[0m
[  4%] Built target std_msgs_generate_messages_lisp
[  4%] Built target actionlib_msgs_generate_messages_cpp
[  4%] Built target actionlib_msgs_generate_messages_eus
[  4%] Built target rosgraph_msgs_generate_messages_py
[  4%] Built target rosgraph_msgs_generate_messages_lisp
[35m[1mScanning dependencies of target roscpp_generate_messages_cpp[0m
[35m[1mScanning dependencies of target roscpp_generate_messages_py[0m
[35m[1mScanning dependencies of target sensor_msgs_generate_messages_nodejs[0m
[35m[1mScanning dependencies of target sensor_msgs_generate_messages_eus[0m
[35m[1mScanning dependencies of target sensor_msgs_generate_messages_lisp[0m
[  4%] Built target roscpp_generate_messages_py
[  4%] Built target sensor_msgs_generate_messages_nodejs
[  4%] Built target roscpp_generate_messages_cpp
[  4%] Built target sensor_msgs_generate_messages_eus
[35m[1mScanning dependencies of target roscpp_generate_messages_eus[0m
[  4%] Built target sensor_msgs_generate_messages_lisp
[35m[1mScanning dependencies of target roscpp_generate_messages_nodejs[0m
[35m[1mScanning dependencies of target rosgraph_msgs_generate_messages_cpp[0m
[35m[1mScanning dependencies of target rosgraph_msgs_generate_messages_eus[0m
[35m[1mScanning dependencies of target sensor_msgs_generate_messages_py[0m
[  4%] Built target roscpp_generate_messages_eus
[  4%] Built target sensor_msgs_generate_messages_py
[35m[1mScanning dependencies of target geometry_msgs_generate_messages_py[0m
[  4%] Built target rosgraph_msgs_generate_messages_cpp
[  4%] Built target roscpp_generate_messages_nodejs
[  4%] Built target rosgraph_msgs_generate_messages_eus
[35m[1mScanning dependencies of target geometry_msgs_generate_messages_cpp[0m
[35m[1mScanning dependencies of target utility_lib[0m
[35m[1mScanning dependencies of target geometry_msgs_generate_messages_lisp[0m
[  4%] Built target geometry_msgs_generate_messages_py
[35m[1mScanning dependencies of target geometry_msgs_generate_messages_nodejs[0m
[  4%] Built target geometry_msgs_generate_messages_cpp
[  4%] Built target geometry_msgs_generate_messages_lisp
[  5%] [32mBuilding CXX object CMakeFiles/utility_lib.dir/src/topic04_perception02_laser/laserscan/utility_lib.cpp.o[0m
[35m[1mScanning dependencies of target actionlib_msgs_generate_messages_lisp[0m
[35m[1mScanning dependencies of target std_msgs_generate_messages_eus[0m
[35m[1mScanning dependencies of target _ros_essentials_cpp_generate_messages_check_deps_FibonacciResult[0m
[  5%] Built target geometry_msgs_generate_messages_nodejs
[  5%] Built target actionlib_msgs_generate_messages_lisp
[  5%] Built target std_msgs_generate_messages_eus
[35m[1mScanning dependencies of target _ros_essentials_cpp_generate_messages_check_deps_FibonacciAction[0m
[35m[1mScanning dependencies of target _ros_essentials_cpp_generate_messages_check_deps_FibonacciGoal[0m
[35m[1mScanning dependencies of target _ros_essentials_cpp_generate_messages_check_deps_IoTSensor[0m
[35m[1mScanning dependencies of target _ros_essentials_cpp_generate_messages_check_deps_FibonacciActionGoal[0m
[  5%] Built target _ros_essentials_cpp_generate_messages_check_deps_FibonacciResult
[  7%] [32m[1mLinking CXX shared library /home/ali/catkin_ws/devel/.private/ros_essentials_cpp/lib/libutility_lib.so[0m
[35m[1mScanning dependencies of target _ros_essentials_cpp_generate_messages_check_deps_FibonacciActionResult[0m
[  7%] Built target _ros_essentials_cpp_generate_messages_check_deps_FibonacciAction
[  7%] Built target _ros_essentials_cpp_generate_messages_check_deps_IoTSensor
[  7%] Built target _ros_essentials_cpp_generate_messages_check_deps_FibonacciActionGoal
[35m[1mScanning dependencies of target _ros_essentials_cpp_generate_messages_check_deps_FibonacciFeedback[0m
[35m[1mScanning dependencies of target _ros_essentials_cpp_generate_messages_check_deps_FibonacciActionFeedback[0m
[35m[1mScanning dependencies of target _ros_essentials_cpp_generate_messages_check_deps_AddTwoInts[0m
[  7%] Built target _ros_essentials_cpp_generate_messages_check_deps_FibonacciGoal
[35m[1mScanning dependencies of target talker_node[0m
[  7%] Built target _ros_essentials_cpp_generate_messages_check_deps_FibonacciActionResult
[  7%] Built target utility_lib
[  8%] [32mBuilding CXX object CMakeFiles/talker_node.dir/src/topic01_basics/talker_listener/talker.cpp.o[0m
[35m[1mScanning dependencies of target turtlesim_clean_node[0m
[  8%] Built target _ros_essentials_cpp_generate_messages_check_deps_FibonacciActionFeedback
[  8%] Built target _ros_essentials_cpp_generate_messages_check_deps_FibonacciFeedback
[35m[1mScanning dependencies of target image_pub_sub_cpp[0m
[35m[1mScanning dependencies of target listener_node[0m
[35m[1mScanning dependencies of target laserscan_lib[0m
[ 10%] [32mBuilding CXX object CMakeFiles/turtlesim_clean_node.dir/src/topic02_motion/turtlesim/robot_cleaner.cpp.o[0m
[ 11%] [32mBuilding CXX object CMakeFiles/listener_node.dir/src/topic01_basics/talker_listener/listener.cpp.o[0m
[ 11%] Built target _ros_essentials_cpp_generate_messages_check_deps_AddTwoInts
[ 12%] [32mBuilding CXX object CMakeFiles/laserscan_lib.dir/src/topic04_perception02_laser/laserscan/LaserScanner.cpp.o[0m
[35m[1mScanning dependencies of target ros_essentials_cpp_generate_messages_cpp[0m
[35m[1mScanning dependencies of target ros_essentials_cpp_generate_messages_nodejs[0m
[ 15%] [34m[1mGenerating Javascript code from ros_essentials_cpp/IoTSensor.msg[0m
[ 15%] [34m[1mGenerating C++ code from ros_essentials_cpp/IoTSensor.msg[0m
[ 17%] [32mBuilding CXX object CMakeFiles/image_pub_sub_cpp.dir/src/topic03_perception/cpp/image_pub_sub.cpp.o[0m
/usr/bin/ld: /usr/lib/gcc/x86_64-linux-gnu/9/../../../x86_64-linux-gnu/Scrt1.o: in function `_start':
(.text+0x24): undefined reference to `main'
collect2: error: ld returned 1 exit status
make[2]: *** [CMakeFiles/open_copy_cpp.dir/build.make:208: /home/ali/catkin_ws/devel/.private/ros_essentials_cpp/lib/ros_essentials_cpp/open_copy_cpp] Error 1
make[1]: *** [CMakeFiles/Makefile2:211: CMakeFiles/open_copy_cpp.dir/all] Error 2
make[1]: *** Waiting for unfinished jobs....
[ 18%] [34m[1mGenerating Javascript code from ros_essentials_cpp/FibonacciAction.msg[0m
[ 20%] [34m[1mGenerating C++ code from ros_essentials_cpp/FibonacciAction.msg[0m
[ 21%] [34m[1mGenerating Javascript code from ros_essentials_cpp/FibonacciActionGoal.msg[0m
[ 22%] [34m[1mGenerating Javascript code from ros_essentials_cpp/FibonacciActionResult.msg[0m
[ 24%] [34m[1mGenerating Javascript code from ros_essentials_cpp/FibonacciActionFeedback.msg[0m
[ 25%] [34m[1mGenerating Javascript code from ros_essentials_cpp/FibonacciGoal.msg[0m
[ 28%] [34m[1mGenerating Javascript code from ros_essentials_cpp/FibonacciResult.msg[0m
[ 28%] [34m[1mGenerating C++ code from ros_essentials_cpp/FibonacciActionGoal.msg[0m
[ 30%] [34m[1mGenerating C++ code from ros_essentials_cpp/FibonacciActionResult.msg[0m
[ 31%] [34m[1mGenerating Javascript code from ros_essentials_cpp/FibonacciFeedback.msg[0m
[ 32%] [34m[1mGenerating Javascript code from ros_essentials_cpp/AddTwoInts.srv[0m
[ 34%] [34m[1mGenerating C++ code from ros_essentials_cpp/FibonacciActionFeedback.msg[0m
[ 35%] [34m[1mGenerating C++ code from ros_essentials_cpp/FibonacciGoal.msg[0m
[ 37%] [34m[1mGenerating C++ code from ros_essentials_cpp/FibonacciResult.msg[0m
[ 37%] Built target ros_essentials_cpp_generate_messages_nodejs
[ 38%] [34m[1mGenerating C++ code from ros_essentials_cpp/FibonacciFeedback.msg[0m
[ 40%] [34m[1mGenerating C++ code from ros_essentials_cpp/AddTwoInts.srv[0m
[ 40%] Built target ros_essentials_cpp_generate_messages_cpp
[ 41%] [32m[1mLinking CXX executable /home/ali/catkin_ws/devel/.private/ros_essentials_cpp/lib/ros_essentials_cpp/talker_node[0m
[ 41%] Built target talker_node
[ 42%] [32m[1mLinking CXX shared library /home/ali/catkin_ws/devel/.private/ros_essentials_cpp/lib/liblaserscan_lib.so[0m
[ 44%] [32m[1mLinking CXX executable /home/ali/catkin_ws/devel/.private/ros_essentials_cpp/lib/ros_essentials_cpp/listener_node[0m
[ 44%] Built target laserscan_lib
[ 45%] [32m[1mLinking CXX executable /home/ali/catkin_ws/devel/.private/ros_essentials_cpp/lib/ros_essentials_cpp/turtlesim_clean_node[0m
[ 45%] Built target listener_node
[ 45%] Built target turtlesim_clean_node
[ 47%] [32m[1mLinking CXX executable /home/ali/catkin_ws/devel/.private/ros_essentials_cpp/lib/ros_essentials_cpp/image_pub_sub_cpp[0m
[ 47%] Built target image_pub_sub_cpp
make: *** [Makefile:141: all] Error 2
