Linked: (/home/ali/catkin_ws/devel/.private/octomap_msgs/share/gennodejs/ros/octomap_msgs/_index.js, /home/ali/catkin_ws/devel/share/gennodejs/ros/octomap_msgs/_index.js)
Linked: (/home/ali/catkin_ws/devel/.private/octomap_msgs/share/gennodejs/ros/octomap_msgs/srv/BoundingBoxQuery.js, /home/ali/catkin_ws/devel/share/gennodejs/ros/octomap_msgs/srv/BoundingBoxQuery.js)
Linked: (/home/ali/catkin_ws/devel/.private/octomap_msgs/share/gennodejs/ros/octomap_msgs/srv/_index.js, /home/ali/catkin_ws/devel/share/gennodejs/ros/octomap_msgs/srv/_index.js)
Linked: (/home/ali/catkin_ws/devel/.private/octomap_msgs/share/gennodejs/ros/octomap_msgs/srv/GetOctomap.js, /home/ali/catkin_ws/devel/share/gennodejs/ros/octomap_msgs/srv/GetOctomap.js)
Linked: (/home/ali/catkin_ws/devel/.private/octomap_msgs/share/gennodejs/ros/octomap_msgs/msg/OctomapWithPose.js, /home/ali/catkin_ws/devel/share/gennodejs/ros/octomap_msgs/msg/OctomapWithPose.js)
Linked: (/home/ali/catkin_ws/devel/.private/octomap_msgs/share/gennodejs/ros/octomap_msgs/msg/_index.js, /home/ali/catkin_ws/devel/share/gennodejs/ros/octomap_msgs/msg/_index.js)
Linked: (/home/ali/catkin_ws/devel/.private/octomap_msgs/share/gennodejs/ros/octomap_msgs/msg/Octomap.js, /home/ali/catkin_ws/devel/share/gennodejs/ros/octomap_msgs/msg/Octomap.js)
Linked: (/home/ali/catkin_ws/devel/.private/octomap_msgs/share/common-lisp/ros/octomap_msgs/srv/_package.lisp, /home/ali/catkin_ws/devel/share/common-lisp/ros/octomap_msgs/srv/_package.lisp)
Linked: (/home/ali/catkin_ws/devel/.private/octomap_msgs/share/common-lisp/ros/octomap_msgs/srv/octomap_msgs-srv.asd, /home/ali/catkin_ws/devel/share/common-lisp/ros/octomap_msgs/srv/octomap_msgs-srv.asd)
Linked: (/home/ali/catkin_ws/devel/.private/octomap_msgs/share/common-lisp/ros/octomap_msgs/srv/BoundingBoxQuery.lisp, /home/ali/catkin_ws/devel/share/common-lisp/ros/octomap_msgs/srv/BoundingBoxQuery.lisp)
Linked: (/home/ali/catkin_ws/devel/.private/octomap_msgs/share/common-lisp/ros/octomap_msgs/srv/GetOctomap.lisp, /home/ali/catkin_ws/devel/share/common-lisp/ros/octomap_msgs/srv/GetOctomap.lisp)
Linked: (/home/ali/catkin_ws/devel/.private/octomap_msgs/share/common-lisp/ros/octomap_msgs/srv/_package_BoundingBoxQuery.lisp, /home/ali/catkin_ws/devel/share/common-lisp/ros/octomap_msgs/srv/_package_BoundingBoxQuery.lisp)
Linked: (/home/ali/catkin_ws/devel/.private/octomap_msgs/share/common-lisp/ros/octomap_msgs/srv/_package_GetOctomap.lisp, /home/ali/catkin_ws/devel/share/common-lisp/ros/octomap_msgs/srv/_package_GetOctomap.lisp)
Linked: (/home/ali/catkin_ws/devel/.private/octomap_msgs/share/common-lisp/ros/octomap_msgs/msg/_package.lisp, /home/ali/catkin_ws/devel/share/common-lisp/ros/octomap_msgs/msg/_package.lisp)
Linked: (/home/ali/catkin_ws/devel/.private/octomap_msgs/share/common-lisp/ros/octomap_msgs/msg/octomap_msgs-msg.asd, /home/ali/catkin_ws/devel/share/common-lisp/ros/octomap_msgs/msg/octomap_msgs-msg.asd)
Linked: (/home/ali/catkin_ws/devel/.private/octomap_msgs/share/common-lisp/ros/octomap_msgs/msg/Octomap.lisp, /home/ali/catkin_ws/devel/share/common-lisp/ros/octomap_msgs/msg/Octomap.lisp)
Linked: (/home/ali/catkin_ws/devel/.private/octomap_msgs/share/common-lisp/ros/octomap_msgs/msg/OctomapWithPose.lisp, /home/ali/catkin_ws/devel/share/common-lisp/ros/octomap_msgs/msg/OctomapWithPose.lisp)
Linked: (/home/ali/catkin_ws/devel/.private/octomap_msgs/share/common-lisp/ros/octomap_msgs/msg/_package_OctomapWithPose.lisp, /home/ali/catkin_ws/devel/share/common-lisp/ros/octomap_msgs/msg/_package_OctomapWithPose.lisp)
Linked: (/home/ali/catkin_ws/devel/.private/octomap_msgs/share/common-lisp/ros/octomap_msgs/msg/_package_Octomap.lisp, /home/ali/catkin_ws/devel/share/common-lisp/ros/octomap_msgs/msg/_package_Octomap.lisp)
Linked: (/home/ali/catkin_ws/devel/.private/octomap_msgs/share/octomap_msgs/cmake/octomap_msgs-msg-paths.cmake, /home/ali/catkin_ws/devel/share/octomap_msgs/cmake/octomap_msgs-msg-paths.cmake)
Linked: (/home/ali/catkin_ws/devel/.private/octomap_msgs/share/octomap_msgs/cmake/octomap_msgsConfig-version.cmake, /home/ali/catkin_ws/devel/share/octomap_msgs/cmake/octomap_msgsConfig-version.cmake)
Linked: (/home/ali/catkin_ws/devel/.private/octomap_msgs/share/octomap_msgs/cmake/octomap_msgs-msg-extras.cmake, /home/ali/catkin_ws/devel/share/octomap_msgs/cmake/octomap_msgs-msg-extras.cmake)
Linked: (/home/ali/catkin_ws/devel/.private/octomap_msgs/share/octomap_msgs/cmake/octomap_msgsConfig.cmake, /home/ali/catkin_ws/devel/share/octomap_msgs/cmake/octomap_msgsConfig.cmake)
Linked: (/home/ali/catkin_ws/devel/.private/octomap_msgs/share/roseus/ros/octomap_msgs/manifest.l, /home/ali/catkin_ws/devel/share/roseus/ros/octomap_msgs/manifest.l)
Linked: (/home/ali/catkin_ws/devel/.private/octomap_msgs/share/roseus/ros/octomap_msgs/srv/GetOctomap.l, /home/ali/catkin_ws/devel/share/roseus/ros/octomap_msgs/srv/GetOctomap.l)
Linked: (/home/ali/catkin_ws/devel/.private/octomap_msgs/share/roseus/ros/octomap_msgs/srv/BoundingBoxQuery.l, /home/ali/catkin_ws/devel/share/roseus/ros/octomap_msgs/srv/BoundingBoxQuery.l)
Linked: (/home/ali/catkin_ws/devel/.private/octomap_msgs/share/roseus/ros/octomap_msgs/msg/OctomapWithPose.l, /home/ali/catkin_ws/devel/share/roseus/ros/octomap_msgs/msg/OctomapWithPose.l)
Linked: (/home/ali/catkin_ws/devel/.private/octomap_msgs/share/roseus/ros/octomap_msgs/msg/Octomap.l, /home/ali/catkin_ws/devel/share/roseus/ros/octomap_msgs/msg/Octomap.l)
Linked: (/home/ali/catkin_ws/devel/.private/octomap_msgs/lib/pkgconfig/octomap_msgs.pc, /home/ali/catkin_ws/devel/lib/pkgconfig/octomap_msgs.pc)
Linked: (/home/ali/catkin_ws/devel/.private/octomap_msgs/lib/python3/dist-packages/octomap_msgs/__init__.py, /home/ali/catkin_ws/devel/lib/python3/dist-packages/octomap_msgs/__init__.py)
Linked: (/home/ali/catkin_ws/devel/.private/octomap_msgs/lib/python3/dist-packages/octomap_msgs/srv/_BoundingBoxQuery.py, /home/ali/catkin_ws/devel/lib/python3/dist-packages/octomap_msgs/srv/_BoundingBoxQuery.py)
Linked: (/home/ali/catkin_ws/devel/.private/octomap_msgs/lib/python3/dist-packages/octomap_msgs/srv/__init__.py, /home/ali/catkin_ws/devel/lib/python3/dist-packages/octomap_msgs/srv/__init__.py)
Linked: (/home/ali/catkin_ws/devel/.private/octomap_msgs/lib/python3/dist-packages/octomap_msgs/srv/_GetOctomap.py, /home/ali/catkin_ws/devel/lib/python3/dist-packages/octomap_msgs/srv/_GetOctomap.py)
Linked: (/home/ali/catkin_ws/devel/.private/octomap_msgs/lib/python3/dist-packages/octomap_msgs/msg/_Octomap.py, /home/ali/catkin_ws/devel/lib/python3/dist-packages/octomap_msgs/msg/_Octomap.py)
Linked: (/home/ali/catkin_ws/devel/.private/octomap_msgs/lib/python3/dist-packages/octomap_msgs/msg/__init__.py, /home/ali/catkin_ws/devel/lib/python3/dist-packages/octomap_msgs/msg/__init__.py)
Linked: (/home/ali/catkin_ws/devel/.private/octomap_msgs/lib/python3/dist-packages/octomap_msgs/msg/_OctomapWithPose.py, /home/ali/catkin_ws/devel/lib/python3/dist-packages/octomap_msgs/msg/_OctomapWithPose.py)
Linked: (/home/ali/catkin_ws/devel/.private/octomap_msgs/include/octomap_msgs/GetOctomap.h, /home/ali/catkin_ws/devel/include/octomap_msgs/GetOctomap.h)
Linked: (/home/ali/catkin_ws/devel/.private/octomap_msgs/include/octomap_msgs/GetOctomapRequest.h, /home/ali/catkin_ws/devel/include/octomap_msgs/GetOctomapRequest.h)
Linked: (/home/ali/catkin_ws/devel/.private/octomap_msgs/include/octomap_msgs/BoundingBoxQuery.h, /home/ali/catkin_ws/devel/include/octomap_msgs/BoundingBoxQuery.h)
Linked: (/home/ali/catkin_ws/devel/.private/octomap_msgs/include/octomap_msgs/BoundingBoxQueryResponse.h, /home/ali/catkin_ws/devel/include/octomap_msgs/BoundingBoxQueryResponse.h)
Linked: (/home/ali/catkin_ws/devel/.private/octomap_msgs/include/octomap_msgs/BoundingBoxQueryRequest.h, /home/ali/catkin_ws/devel/include/octomap_msgs/BoundingBoxQueryRequest.h)
Linked: (/home/ali/catkin_ws/devel/.private/octomap_msgs/include/octomap_msgs/GetOctomapResponse.h, /home/ali/catkin_ws/devel/include/octomap_msgs/GetOctomapResponse.h)
Linked: (/home/ali/catkin_ws/devel/.private/octomap_msgs/include/octomap_msgs/OctomapWithPose.h, /home/ali/catkin_ws/devel/include/octomap_msgs/OctomapWithPose.h)
Linked: (/home/ali/catkin_ws/devel/.private/octomap_msgs/include/octomap_msgs/Octomap.h, /home/ali/catkin_ws/devel/include/octomap_msgs/Octomap.h)
