Symlinking /home/ali/catkin_ws/devel/share/gennodejs/ros/octomap_msgs/_index.js
Symlinking /home/ali/catkin_ws/devel/share/gennodejs/ros/octomap_msgs/srv/BoundingBoxQuery.js
Symlinking /home/ali/catkin_ws/devel/share/gennodejs/ros/octomap_msgs/srv/_index.js
Symlinking /home/ali/catkin_ws/devel/share/gennodejs/ros/octomap_msgs/srv/GetOctomap.js
Symlinking /home/ali/catkin_ws/devel/share/gennodejs/ros/octomap_msgs/msg/OctomapWithPose.js
Symlinking /home/ali/catkin_ws/devel/share/gennodejs/ros/octomap_msgs/msg/_index.js
Symlinking /home/ali/catkin_ws/devel/share/gennodejs/ros/octomap_msgs/msg/Octomap.js
Symlinking /home/ali/catkin_ws/devel/share/common-lisp/ros/octomap_msgs/srv/_package.lisp
Symlinking /home/ali/catkin_ws/devel/share/common-lisp/ros/octomap_msgs/srv/octomap_msgs-srv.asd
Symlinking /home/ali/catkin_ws/devel/share/common-lisp/ros/octomap_msgs/srv/BoundingBoxQuery.lisp
Symlinking /home/ali/catkin_ws/devel/share/common-lisp/ros/octomap_msgs/srv/GetOctomap.lisp
Symlinking /home/ali/catkin_ws/devel/share/common-lisp/ros/octomap_msgs/srv/_package_BoundingBoxQuery.lisp
Symlinking /home/ali/catkin_ws/devel/share/common-lisp/ros/octomap_msgs/srv/_package_GetOctomap.lisp
Symlinking /home/ali/catkin_ws/devel/share/common-lisp/ros/octomap_msgs/msg/_package.lisp
Symlinking /home/ali/catkin_ws/devel/share/common-lisp/ros/octomap_msgs/msg/octomap_msgs-msg.asd
Symlinking /home/ali/catkin_ws/devel/share/common-lisp/ros/octomap_msgs/msg/Octomap.lisp
Symlinking /home/ali/catkin_ws/devel/share/common-lisp/ros/octomap_msgs/msg/OctomapWithPose.lisp
Symlinking /home/ali/catkin_ws/devel/share/common-lisp/ros/octomap_msgs/msg/_package_OctomapWithPose.lisp
Symlinking /home/ali/catkin_ws/devel/share/common-lisp/ros/octomap_msgs/msg/_package_Octomap.lisp
Symlinking /home/ali/catkin_ws/devel/share/octomap_msgs/cmake/octomap_msgs-msg-paths.cmake
Symlinking /home/ali/catkin_ws/devel/share/octomap_msgs/cmake/octomap_msgsConfig-version.cmake
Symlinking /home/ali/catkin_ws/devel/share/octomap_msgs/cmake/octomap_msgs-msg-extras.cmake
Symlinking /home/ali/catkin_ws/devel/share/octomap_msgs/cmake/octomap_msgsConfig.cmake
Symlinking /home/ali/catkin_ws/devel/share/roseus/ros/octomap_msgs/manifest.l
Symlinking /home/ali/catkin_ws/devel/share/roseus/ros/octomap_msgs/srv/GetOctomap.l
Symlinking /home/ali/catkin_ws/devel/share/roseus/ros/octomap_msgs/srv/BoundingBoxQuery.l
Symlinking /home/ali/catkin_ws/devel/share/roseus/ros/octomap_msgs/msg/OctomapWithPose.l
Symlinking /home/ali/catkin_ws/devel/share/roseus/ros/octomap_msgs/msg/Octomap.l
Symlinking /home/ali/catkin_ws/devel/lib/pkgconfig/octomap_msgs.pc
Symlinking /home/ali/catkin_ws/devel/lib/python3/dist-packages/octomap_msgs/__init__.py
Symlinking /home/ali/catkin_ws/devel/lib/python3/dist-packages/octomap_msgs/srv/_BoundingBoxQuery.py
Symlinking /home/ali/catkin_ws/devel/lib/python3/dist-packages/octomap_msgs/srv/__init__.py
Symlinking /home/ali/catkin_ws/devel/lib/python3/dist-packages/octomap_msgs/srv/_GetOctomap.py
Symlinking /home/ali/catkin_ws/devel/lib/python3/dist-packages/octomap_msgs/msg/_Octomap.py
Symlinking /home/ali/catkin_ws/devel/lib/python3/dist-packages/octomap_msgs/msg/__init__.py
Symlinking /home/ali/catkin_ws/devel/lib/python3/dist-packages/octomap_msgs/msg/_OctomapWithPose.py
Symlinking /home/ali/catkin_ws/devel/include/octomap_msgs/GetOctomap.h
Symlinking /home/ali/catkin_ws/devel/include/octomap_msgs/GetOctomapRequest.h
Symlinking /home/ali/catkin_ws/devel/include/octomap_msgs/BoundingBoxQuery.h
Symlinking /home/ali/catkin_ws/devel/include/octomap_msgs/BoundingBoxQueryResponse.h
Symlinking /home/ali/catkin_ws/devel/include/octomap_msgs/BoundingBoxQueryRequest.h
Symlinking /home/ali/catkin_ws/devel/include/octomap_msgs/GetOctomapResponse.h
Symlinking /home/ali/catkin_ws/devel/include/octomap_msgs/OctomapWithPose.h
Symlinking /home/ali/catkin_ws/devel/include/octomap_msgs/Octomap.h
