[ 17%] Built target octovis-shared
[ 82%] Built target octovis
[100%] Built target octovis-static
[36mInstall the project...[0m
-- Install configuration: "Release"
-- Installing: /home/ali/catkin_ws/devel/bin/octovis
-- Set runtime path of "/home/ali/catkin_ws/devel/bin/octovis" to "/home/ali/catkin_ws/devel/lib"
-- Installing: /home/ali/catkin_ws/devel/lib/liboctovis.a
-- Installing: /home/ali/catkin_ws/devel/lib/liboctovis.so.1.10.0
-- Installing: /home/ali/catkin_ws/devel/lib/liboctovis.so.1.10
-- Set runtime path of "/home/ali/catkin_ws/devel/lib/liboctovis.so.1.10.0" to "/home/ali/catkin_ws/devel/lib"
-- Installing: /home/ali/catkin_ws/devel/lib/liboctovis.so
-- Installing: /home/ali/catkin_ws/devel/share/octovis/octovis-targets.cmake
-- Installing: /home/ali/catkin_ws/devel/share/octovis/octovis-targets-release.cmake
-- Installing: /home/ali/catkin_ws/devel/include/octovis/ColorOcTreeDrawer.h
-- Installing: /home/ali/catkin_ws/devel/include/octovis/OcTreeDrawer.h
-- Installing: /home/ali/catkin_ws/devel/include/octovis/OcTreeRecord.h
-- Installing: /home/ali/catkin_ws/devel/include/octovis/PointcloudDrawer.h
-- Installing: /home/ali/catkin_ws/devel/include/octovis/SceneObject.h
-- Installing: /home/ali/catkin_ws/devel/include/octovis/SelectionBox.h
-- Installing: /home/ali/catkin_ws/devel/include/octovis/TrajectoryDrawer.h
-- Installing: /home/ali/catkin_ws/devel/share/octovis/octovis-config.cmake
-- Installing: /home/ali/catkin_ws/devel/share/octovis/octovis-config-version.cmake
-- Installing: /home/ali/catkin_ws/devel/share/octovis/package.xml
-- Installing: /home/ali/catkin_ws/devel/share/ament_index/resource_index/packages/octovis
